#
# There is insufficient memory for the Java Runtime Environment to continue.
# Native memory allocation (malloc) failed to allocate 2538112 bytes for Chunk::new
# Possible reasons:
#   The system is out of physical RAM or swap space
#   The process is running with CompressedOops enabled, and the Java Heap may be blocking the growth of the native heap
# Possible solutions:
#   Reduce memory load on the system
#   Increase physical memory or swap space
#   Check if swap backing store is full
#   Decrease Java heap size (-Xmx/-Xms)
#   Decrease number of Java threads
#   Decrease Java thread stack sizes (-Xss)
#   Set larger code cache with -XX:ReservedCodeCacheSize=
#   JVM is running with Unscaled Compressed Oops mode in which the Java heap is
#     placed in the first 4GB address space. The Java Heap base address is the
#     maximum limit for the native heap growth. Please use -XX:HeapBaseMinAddress
#     to set the Java Heap base and to place the Java Heap above 4GB virtual address.
# This output file may be truncated or incomplete.
#
#  Out of Memory Error (arena.cpp:189), pid=33596, tid=27472
#
# JRE version: OpenJDK Runtime Environment Temurin-17.0.6+10 (17.0.6+10) (build 17.0.6+10)
# Java VM: OpenJDK 64-Bit Server VM Temurin-17.0.6+10 (17.0.6+10, mixed mode, tiered, compressed oops, compressed class ptrs, g1 gc, windows-amd64)
# No core dump will be written. Minidumps are not enabled by default on client versions of Windows
#

---------------  S U M M A R Y ------------

Command Line: -Dfile.encoding=UTF-8 --module-path=C:\Users\gurmi\eclipse-workspace\ChattingApplication\bin -XX:+ShowCodeDetailsInExceptionMessages -Djdk.module.main=ChattingApplication ChattingApplication/chatting.application.Server

Host: AMD Ryzen 5 5625U with Radeon Graphics         , 12 cores, 5G,  Windows 11 , 64 bit Build 22621 (10.0.22621.2506)
Time: Mon Jan 15 22:12:00 2024 Eastern Standard Time elapsed time: 0.932718 seconds (0d 0h 0m 0s)

---------------  T H R E A D  ---------------

Current thread (0x00000178f541caf0):  JavaThread "C2 CompilerThread0" daemon [_thread_in_native, id=27472, stack(0x00000053ae900000,0x00000053aea00000)]


Current CompileTask:
C2:    932  670   !   4       sun.awt.image.PNGImageDecoder::produceImage (1917 bytes)

Stack: [0x00000053ae900000,0x00000053aea00000]
Native frames: (J=compiled Java code, j=interpreted, Vv=VM code, C=native code)
V  [jvm.dll+0x67741a]
V  [jvm.dll+0x834434]
V  [jvm.dll+0x835bde]
V  [jvm.dll+0x836243]
V  [jvm.dll+0x2457b5]
V  [jvm.dll+0xabafc]
V  [jvm.dll+0xac0cc]
V  [jvm.dll+0x3634e7]
V  [jvm.dll+0x1bbd68]
V  [jvm.dll+0x218749]
V  [jvm.dll+0x217a11]
V  [jvm.dll+0x1a3d0d]
V  [jvm.dll+0x22742a]
V  [jvm.dll+0x225565]
V  [jvm.dll+0x7ea2cb]
V  [jvm.dll+0x7e483a]
V  [jvm.dll+0x6762c5]
C  [ucrtbase.dll+0x29363]
C  [KERNEL32.DLL+0x1257d]
C  [ntdll.dll+0x5aa58]


---------------  P R O C E S S  ---------------

Threads class SMR info:
_java_thread_list=0x00000178fbdb57c0, length=18, elements={
0x00000178f4a47690, 0x00000178f4a48500, 0x00000178f4a53b80, 0x00000178f4a4da80,
0x00000178f4a74020, 0x00000178f4a748e0, 0x00000178f541caf0, 0x00000178f54254b0,
0x00000178f5427eb0, 0x00000178f55b9780, 0x00000178f568c6a0, 0x00000178f58bbae0,
0x00000178f5770050, 0x00000178f5770520, 0x00000178f5b444c0, 0x00000178f5d00ed0,
0x00000178dba2c9c0, 0x00000178fc2669d0
}

Java Threads: ( => current thread )
  0x00000178f4a47690 JavaThread "Reference Handler" daemon [_thread_blocked, id=16832, stack(0x00000053ae300000,0x00000053ae400000)]
  0x00000178f4a48500 JavaThread "Finalizer" daemon [_thread_blocked, id=30428, stack(0x00000053ae400000,0x00000053ae500000)]
  0x00000178f4a53b80 JavaThread "Signal Dispatcher" daemon [_thread_blocked, id=31704, stack(0x00000053ae500000,0x00000053ae600000)]
  0x00000178f4a4da80 JavaThread "Attach Listener" daemon [_thread_blocked, id=28728, stack(0x00000053ae600000,0x00000053ae700000)]
  0x00000178f4a74020 JavaThread "Service Thread" daemon [_thread_blocked, id=32236, stack(0x00000053ae700000,0x00000053ae800000)]
  0x00000178f4a748e0 JavaThread "Monitor Deflation Thread" daemon [_thread_blocked, id=31168, stack(0x00000053ae800000,0x00000053ae900000)]
=>0x00000178f541caf0 JavaThread "C2 CompilerThread0" daemon [_thread_in_native, id=27472, stack(0x00000053ae900000,0x00000053aea00000)]
  0x00000178f54254b0 JavaThread "C1 CompilerThread0" daemon [_thread_blocked, id=28756, stack(0x00000053aea00000,0x00000053aeb00000)]
  0x00000178f5427eb0 JavaThread "Sweeper thread" daemon [_thread_blocked, id=25740, stack(0x00000053aeb00000,0x00000053aec00000)]
  0x00000178f55b9780 JavaThread "Common-Cleaner" daemon [_thread_blocked, id=33156, stack(0x00000053aec00000,0x00000053aed00000)]
  0x00000178f568c6a0 JavaThread "Notification Thread" daemon [_thread_blocked, id=31792, stack(0x00000053aed00000,0x00000053aee00000)]
  0x00000178f58bbae0 JavaThread "Java2D Disposer" daemon [_thread_blocked, id=29148, stack(0x00000053aef00000,0x00000053af000000)]
  0x00000178f5770050 JavaThread "AWT-Shutdown" [_thread_blocked, id=31948, stack(0x00000053af000000,0x00000053af100000)]
  0x00000178f5770520 JavaThread "AWT-Windows" daemon [_thread_in_native, id=33272, stack(0x00000053af100000,0x00000053af200000)]
  0x00000178f5b444c0 JavaThread "Image Fetcher 0" daemon [_thread_blocked, id=34444, stack(0x00000053afc00000,0x00000053afd00000)]
  0x00000178f5d00ed0 JavaThread "AWT-EventQueue-0" [_thread_in_native, id=26580, stack(0x00000053afd00000,0x00000053afe00000)]
  0x00000178dba2c9c0 JavaThread "DestroyJavaVM" [_thread_blocked, id=33520, stack(0x00000053adc00000,0x00000053add00000)]
  0x00000178fc2669d0 JavaThread "D3D Screen Updater" daemon [_thread_blocked, id=33316, stack(0x00000053afe00000,0x00000053aff00000)]

Other Threads:
  0x00000178f4a3e640 VMThread "VM Thread" [stack: 0x00000053ae200000,0x00000053ae300000] [id=27480]
  0x00000178dba8feb0 WatcherThread [stack: 0x00000053aee00000,0x00000053aef00000] [id=33344]
  0x00000178dba7b7f0 GCTaskThread "GC Thread#0" [stack: 0x00000053add00000,0x00000053ade00000] [id=29700]
  0x00000178dba88270 ConcurrentGCThread "G1 Main Marker" [stack: 0x00000053ade00000,0x00000053adf00000] [id=24564]
  0x00000178dba89420 ConcurrentGCThread "G1 Conc#0" [stack: 0x00000053adf00000,0x00000053ae000000] [id=17668]
  0x00000178dbae48d0 ConcurrentGCThread "G1 Refine#0" [stack: 0x00000053ae000000,0x00000053ae100000] [id=18404]
  0x00000178dbae52f0 ConcurrentGCThread "G1 Service" [stack: 0x00000053ae100000,0x00000053ae200000] [id=21348]

Threads with active compile tasks:
C2 CompilerThread0      996  670   !   4       sun.awt.image.PNGImageDecoder::produceImage (1917 bytes)

VM state: not at safepoint (normal execution)

VM Mutex/Monitor currently owned by a thread: None

Heap address: 0x00000000a2600000, size: 1498 MB, Compressed Oops mode: 32-bit

CDS archive(s) not mapped
Compressed class space mapped at: 0x0000000100000000-0x0000000140000000, reserved size: 1073741824
Narrow klass base: 0x0000000000000000, Narrow klass shift: 3, Narrow klass range: 0x140000000

GC Precious Log:
 CPUs: 12 total, 12 available
 Memory: 5989M
 Large Page Support: Disabled
 NUMA Support: Disabled
 Compressed Oops: Enabled (32-bit)
 Heap Region Size: 1M
 Heap Min Capacity: 8M
 Heap Initial Capacity: 94M
 Heap Max Capacity: 1498M
 Pre-touch: Disabled
 Parallel Workers: 10
 Concurrent Workers: 3
 Concurrent Refinement Workers: 10
 Periodic GC: Disabled

Heap:
 garbage-first heap   total 96256K, used 15360K [0x00000000a2600000, 0x0000000100000000)
  region size 1024K, 14 young (14336K), 0 survivors (0K)
 Metaspace       used 14044K, committed 14208K, reserved 1064960K
  class space    used 1382K, committed 1472K, reserved 1048576K

Heap Regions: E=young(eden), S=young(survivor), O=old, HS=humongous(starts), HC=humongous(continues), CS=collection set, F=free, OA=open archive, CA=closed archive, TAMS=top-at-mark-start (previous, next)
|   0|0x00000000a2600000, 0x00000000a2700000, 0x00000000a2700000|100%|HS|  |TAMS 0x00000000a2600000, 0x00000000a2600000| Complete 
|   1|0x00000000a2700000, 0x00000000a2800000, 0x00000000a2800000|100%|HC|  |TAMS 0x00000000a2700000, 0x00000000a2700000| Complete 
|   2|0x00000000a2800000, 0x00000000a2900000, 0x00000000a2900000|100%|HS|  |TAMS 0x00000000a2800000, 0x00000000a2800000| Complete 
|   3|0x00000000a2900000, 0x00000000a2900000, 0x00000000a2a00000|  0%| F|  |TAMS 0x00000000a2900000, 0x00000000a2900000| Untracked 
|   4|0x00000000a2a00000, 0x00000000a2a00000, 0x00000000a2b00000|  0%| F|  |TAMS 0x00000000a2a00000, 0x00000000a2a00000| Untracked 
|   5|0x00000000a2b00000, 0x00000000a2b00000, 0x00000000a2c00000|  0%| F|  |TAMS 0x00000000a2b00000, 0x00000000a2b00000| Untracked 
|   6|0x00000000a2c00000, 0x00000000a2c00000, 0x00000000a2d00000|  0%| F|  |TAMS 0x00000000a2c00000, 0x00000000a2c00000| Untracked 
|   7|0x00000000a2d00000, 0x00000000a2d00000, 0x00000000a2e00000|  0%| F|  |TAMS 0x00000000a2d00000, 0x00000000a2d00000| Untracked 
|   8|0x00000000a2e00000, 0x00000000a2e00000, 0x00000000a2f00000|  0%| F|  |TAMS 0x00000000a2e00000, 0x00000000a2e00000| Untracked 
|   9|0x00000000a2f00000, 0x00000000a2f00000, 0x00000000a3000000|  0%| F|  |TAMS 0x00000000a2f00000, 0x00000000a2f00000| Untracked 
|  10|0x00000000a3000000, 0x00000000a3000000, 0x00000000a3100000|  0%| F|  |TAMS 0x00000000a3000000, 0x00000000a3000000| Untracked 
|  11|0x00000000a3100000, 0x00000000a3100000, 0x00000000a3200000|  0%| F|  |TAMS 0x00000000a3100000, 0x00000000a3100000| Untracked 
|  12|0x00000000a3200000, 0x00000000a3200000, 0x00000000a3300000|  0%| F|  |TAMS 0x00000000a3200000, 0x00000000a3200000| Untracked 
|  13|0x00000000a3300000, 0x00000000a3300000, 0x00000000a3400000|  0%| F|  |TAMS 0x00000000a3300000, 0x00000000a3300000| Untracked 
|  14|0x00000000a3400000, 0x00000000a3400000, 0x00000000a3500000|  0%| F|  |TAMS 0x00000000a3400000, 0x00000000a3400000| Untracked 
|  15|0x00000000a3500000, 0x00000000a3500000, 0x00000000a3600000|  0%| F|  |TAMS 0x00000000a3500000, 0x00000000a3500000| Untracked 
|  16|0x00000000a3600000, 0x00000000a3600000, 0x00000000a3700000|  0%| F|  |TAMS 0x00000000a3600000, 0x00000000a3600000| Untracked 
|  17|0x00000000a3700000, 0x00000000a3700000, 0x00000000a3800000|  0%| F|  |TAMS 0x00000000a3700000, 0x00000000a3700000| Untracked 
|  18|0x00000000a3800000, 0x00000000a3800000, 0x00000000a3900000|  0%| F|  |TAMS 0x00000000a3800000, 0x00000000a3800000| Untracked 
|  19|0x00000000a3900000, 0x00000000a3900000, 0x00000000a3a00000|  0%| F|  |TAMS 0x00000000a3900000, 0x00000000a3900000| Untracked 
|  20|0x00000000a3a00000, 0x00000000a3a00000, 0x00000000a3b00000|  0%| F|  |TAMS 0x00000000a3a00000, 0x00000000a3a00000| Untracked 
|  21|0x00000000a3b00000, 0x00000000a3b00000, 0x00000000a3c00000|  0%| F|  |TAMS 0x00000000a3b00000, 0x00000000a3b00000| Untracked 
|  22|0x00000000a3c00000, 0x00000000a3c00000, 0x00000000a3d00000|  0%| F|  |TAMS 0x00000000a3c00000, 0x00000000a3c00000| Untracked 
|  23|0x00000000a3d00000, 0x00000000a3d00000, 0x00000000a3e00000|  0%| F|  |TAMS 0x00000000a3d00000, 0x00000000a3d00000| Untracked 
|  24|0x00000000a3e00000, 0x00000000a3e00000, 0x00000000a3f00000|  0%| F|  |TAMS 0x00000000a3e00000, 0x00000000a3e00000| Untracked 
|  25|0x00000000a3f00000, 0x00000000a3f00000, 0x00000000a4000000|  0%| F|  |TAMS 0x00000000a3f00000, 0x00000000a3f00000| Untracked 
|  26|0x00000000a4000000, 0x00000000a4000000, 0x00000000a4100000|  0%| F|  |TAMS 0x00000000a4000000, 0x00000000a4000000| Untracked 
|  27|0x00000000a4100000, 0x00000000a4100000, 0x00000000a4200000|  0%| F|  |TAMS 0x00000000a4100000, 0x00000000a4100000| Untracked 
|  28|0x00000000a4200000, 0x00000000a4200000, 0x00000000a4300000|  0%| F|  |TAMS 0x00000000a4200000, 0x00000000a4200000| Untracked 
|  29|0x00000000a4300000, 0x00000000a4300000, 0x00000000a4400000|  0%| F|  |TAMS 0x00000000a4300000, 0x00000000a4300000| Untracked 
|  30|0x00000000a4400000, 0x00000000a4400000, 0x00000000a4500000|  0%| F|  |TAMS 0x00000000a4400000, 0x00000000a4400000| Untracked 
|  31|0x00000000a4500000, 0x00000000a4500000, 0x00000000a4600000|  0%| F|  |TAMS 0x00000000a4500000, 0x00000000a4500000| Untracked 
|  32|0x00000000a4600000, 0x00000000a4600000, 0x00000000a4700000|  0%| F|  |TAMS 0x00000000a4600000, 0x00000000a4600000| Untracked 
|  33|0x00000000a4700000, 0x00000000a4700000, 0x00000000a4800000|  0%| F|  |TAMS 0x00000000a4700000, 0x00000000a4700000| Untracked 
|  34|0x00000000a4800000, 0x00000000a4800000, 0x00000000a4900000|  0%| F|  |TAMS 0x00000000a4800000, 0x00000000a4800000| Untracked 
|  35|0x00000000a4900000, 0x00000000a4900000, 0x00000000a4a00000|  0%| F|  |TAMS 0x00000000a4900000, 0x00000000a4900000| Untracked 
|  36|0x00000000a4a00000, 0x00000000a4a00000, 0x00000000a4b00000|  0%| F|  |TAMS 0x00000000a4a00000, 0x00000000a4a00000| Untracked 
|  37|0x00000000a4b00000, 0x00000000a4b00000, 0x00000000a4c00000|  0%| F|  |TAMS 0x00000000a4b00000, 0x00000000a4b00000| Untracked 
|  38|0x00000000a4c00000, 0x00000000a4c00000, 0x00000000a4d00000|  0%| F|  |TAMS 0x00000000a4c00000, 0x00000000a4c00000| Untracked 
|  39|0x00000000a4d00000, 0x00000000a4d00000, 0x00000000a4e00000|  0%| F|  |TAMS 0x00000000a4d00000, 0x00000000a4d00000| Untracked 
|  40|0x00000000a4e00000, 0x00000000a4e00000, 0x00000000a4f00000|  0%| F|  |TAMS 0x00000000a4e00000, 0x00000000a4e00000| Untracked 
|  41|0x00000000a4f00000, 0x00000000a4f00000, 0x00000000a5000000|  0%| F|  |TAMS 0x00000000a4f00000, 0x00000000a4f00000| Untracked 
|  42|0x00000000a5000000, 0x00000000a5000000, 0x00000000a5100000|  0%| F|  |TAMS 0x00000000a5000000, 0x00000000a5000000| Untracked 
|  43|0x00000000a5100000, 0x00000000a5100000, 0x00000000a5200000|  0%| F|  |TAMS 0x00000000a5100000, 0x00000000a5100000| Untracked 
|  44|0x00000000a5200000, 0x00000000a5200000, 0x00000000a5300000|  0%| F|  |TAMS 0x00000000a5200000, 0x00000000a5200000| Untracked 
|  45|0x00000000a5300000, 0x00000000a5300000, 0x00000000a5400000|  0%| F|  |TAMS 0x00000000a5300000, 0x00000000a5300000| Untracked 
|  46|0x00000000a5400000, 0x00000000a5400000, 0x00000000a5500000|  0%| F|  |TAMS 0x00000000a5400000, 0x00000000a5400000| Untracked 
|  47|0x00000000a5500000, 0x00000000a5500000, 0x00000000a5600000|  0%| F|  |TAMS 0x00000000a5500000, 0x00000000a5500000| Untracked 
|  48|0x00000000a5600000, 0x00000000a5600000, 0x00000000a5700000|  0%| F|  |TAMS 0x00000000a5600000, 0x00000000a5600000| Untracked 
|  49|0x00000000a5700000, 0x00000000a5700000, 0x00000000a5800000|  0%| F|  |TAMS 0x00000000a5700000, 0x00000000a5700000| Untracked 
|  50|0x00000000a5800000, 0x00000000a5800000, 0x00000000a5900000|  0%| F|  |TAMS 0x00000000a5800000, 0x00000000a5800000| Untracked 
|  51|0x00000000a5900000, 0x00000000a5900000, 0x00000000a5a00000|  0%| F|  |TAMS 0x00000000a5900000, 0x00000000a5900000| Untracked 
|  52|0x00000000a5a00000, 0x00000000a5a00000, 0x00000000a5b00000|  0%| F|  |TAMS 0x00000000a5a00000, 0x00000000a5a00000| Untracked 
|  53|0x00000000a5b00000, 0x00000000a5b00000, 0x00000000a5c00000|  0%| F|  |TAMS 0x00000000a5b00000, 0x00000000a5b00000| Untracked 
|  54|0x00000000a5c00000, 0x00000000a5c00000, 0x00000000a5d00000|  0%| F|  |TAMS 0x00000000a5c00000, 0x00000000a5c00000| Untracked 
|  55|0x00000000a5d00000, 0x00000000a5d00000, 0x00000000a5e00000|  0%| F|  |TAMS 0x00000000a5d00000, 0x00000000a5d00000| Untracked 
|  56|0x00000000a5e00000, 0x00000000a5e00000, 0x00000000a5f00000|  0%| F|  |TAMS 0x00000000a5e00000, 0x00000000a5e00000| Untracked 
|  57|0x00000000a5f00000, 0x00000000a5f00000, 0x00000000a6000000|  0%| F|  |TAMS 0x00000000a5f00000, 0x00000000a5f00000| Untracked 
|  58|0x00000000a6000000, 0x00000000a6000000, 0x00000000a6100000|  0%| F|  |TAMS 0x00000000a6000000, 0x00000000a6000000| Untracked 
|  59|0x00000000a6100000, 0x00000000a6100000, 0x00000000a6200000|  0%| F|  |TAMS 0x00000000a6100000, 0x00000000a6100000| Untracked 
|  60|0x00000000a6200000, 0x00000000a6200000, 0x00000000a6300000|  0%| F|  |TAMS 0x00000000a6200000, 0x00000000a6200000| Untracked 
|  61|0x00000000a6300000, 0x00000000a6300000, 0x00000000a6400000|  0%| F|  |TAMS 0x00000000a6300000, 0x00000000a6300000| Untracked 
|  62|0x00000000a6400000, 0x00000000a6400000, 0x00000000a6500000|  0%| F|  |TAMS 0x00000000a6400000, 0x00000000a6400000| Untracked 
|  63|0x00000000a6500000, 0x00000000a6500000, 0x00000000a6600000|  0%| F|  |TAMS 0x00000000a6500000, 0x00000000a6500000| Untracked 
|  64|0x00000000a6600000, 0x00000000a6600000, 0x00000000a6700000|  0%| F|  |TAMS 0x00000000a6600000, 0x00000000a6600000| Untracked 
|  65|0x00000000a6700000, 0x00000000a6700000, 0x00000000a6800000|  0%| F|  |TAMS 0x00000000a6700000, 0x00000000a6700000| Untracked 
|  66|0x00000000a6800000, 0x00000000a6800000, 0x00000000a6900000|  0%| F|  |TAMS 0x00000000a6800000, 0x00000000a6800000| Untracked 
|  67|0x00000000a6900000, 0x00000000a6900000, 0x00000000a6a00000|  0%| F|  |TAMS 0x00000000a6900000, 0x00000000a6900000| Untracked 
|  68|0x00000000a6a00000, 0x00000000a6a00000, 0x00000000a6b00000|  0%| F|  |TAMS 0x00000000a6a00000, 0x00000000a6a00000| Untracked 
|  69|0x00000000a6b00000, 0x00000000a6b00000, 0x00000000a6c00000|  0%| F|  |TAMS 0x00000000a6b00000, 0x00000000a6b00000| Untracked 
|  70|0x00000000a6c00000, 0x00000000a6c00000, 0x00000000a6d00000|  0%| F|  |TAMS 0x00000000a6c00000, 0x00000000a6c00000| Untracked 
|  71|0x00000000a6d00000, 0x00000000a6d00000, 0x00000000a6e00000|  0%| F|  |TAMS 0x00000000a6d00000, 0x00000000a6d00000| Untracked 
|  72|0x00000000a6e00000, 0x00000000a6e00000, 0x00000000a6f00000|  0%| F|  |TAMS 0x00000000a6e00000, 0x00000000a6e00000| Untracked 
|  73|0x00000000a6f00000, 0x00000000a6f00000, 0x00000000a7000000|  0%| F|  |TAMS 0x00000000a6f00000, 0x00000000a6f00000| Untracked 
|  74|0x00000000a7000000, 0x00000000a7000000, 0x00000000a7100000|  0%| F|  |TAMS 0x00000000a7000000, 0x00000000a7000000| Untracked 
|  75|0x00000000a7100000, 0x00000000a7100000, 0x00000000a7200000|  0%| F|  |TAMS 0x00000000a7100000, 0x00000000a7100000| Untracked 
|  76|0x00000000a7200000, 0x00000000a7200000, 0x00000000a7300000|  0%| F|  |TAMS 0x00000000a7200000, 0x00000000a7200000| Untracked 
|  77|0x00000000a7300000, 0x00000000a7300000, 0x00000000a7400000|  0%| F|  |TAMS 0x00000000a7300000, 0x00000000a7300000| Untracked 
|  78|0x00000000a7400000, 0x00000000a7400000, 0x00000000a7500000|  0%| F|  |TAMS 0x00000000a7400000, 0x00000000a7400000| Untracked 
|  79|0x00000000a7500000, 0x00000000a7500000, 0x00000000a7600000|  0%| F|  |TAMS 0x00000000a7500000, 0x00000000a7500000| Untracked 
|  80|0x00000000a7600000, 0x00000000a7676598, 0x00000000a7700000| 46%| E|  |TAMS 0x00000000a7600000, 0x00000000a7600000| Complete 
|  81|0x00000000a7700000, 0x00000000a7800000, 0x00000000a7800000|100%| E|CS|TAMS 0x00000000a7700000, 0x00000000a7700000| Complete 
|  82|0x00000000a7800000, 0x00000000a7900000, 0x00000000a7900000|100%| E|CS|TAMS 0x00000000a7800000, 0x00000000a7800000| Complete 
|  83|0x00000000a7900000, 0x00000000a7a00000, 0x00000000a7a00000|100%| E|CS|TAMS 0x00000000a7900000, 0x00000000a7900000| Complete 
|  84|0x00000000a7a00000, 0x00000000a7b00000, 0x00000000a7b00000|100%| E|  |TAMS 0x00000000a7a00000, 0x00000000a7a00000| Complete 
|  85|0x00000000a7b00000, 0x00000000a7c00000, 0x00000000a7c00000|100%| E|CS|TAMS 0x00000000a7b00000, 0x00000000a7b00000| Complete 
|  86|0x00000000a7c00000, 0x00000000a7d00000, 0x00000000a7d00000|100%| E|CS|TAMS 0x00000000a7c00000, 0x00000000a7c00000| Complete 
|  87|0x00000000a7d00000, 0x00000000a7e00000, 0x00000000a7e00000|100%| E|CS|TAMS 0x00000000a7d00000, 0x00000000a7d00000| Complete 
|  88|0x00000000a7e00000, 0x00000000a7f00000, 0x00000000a7f00000|100%| E|CS|TAMS 0x00000000a7e00000, 0x00000000a7e00000| Complete 
|  89|0x00000000a7f00000, 0x00000000a8000000, 0x00000000a8000000|100%| E|CS|TAMS 0x00000000a7f00000, 0x00000000a7f00000| Complete 
|  90|0x00000000a8000000, 0x00000000a8100000, 0x00000000a8100000|100%| E|CS|TAMS 0x00000000a8000000, 0x00000000a8000000| Complete 
|  91|0x00000000a8100000, 0x00000000a8200000, 0x00000000a8200000|100%| E|CS|TAMS 0x00000000a8100000, 0x00000000a8100000| Complete 
|  92|0x00000000a8200000, 0x00000000a8300000, 0x00000000a8300000|100%| E|CS|TAMS 0x00000000a8200000, 0x00000000a8200000| Complete 
|  93|0x00000000a8300000, 0x00000000a8400000, 0x00000000a8400000|100%| E|CS|TAMS 0x00000000a8300000, 0x00000000a8300000| Complete 

Card table byte_map: [0x00000178ee920000,0x00000178eec10000] _byte_map_base: 0x00000178ee40d000

Marking Bits (Prev, Next): (CMBitMap*) 0x00000178dba7be00, (CMBitMap*) 0x00000178dba7be40
 Prev Bits: [0x00000178eef00000, 0x00000178f0668000)
 Next Bits: [0x00000178f0670000, 0x00000178f1dd8000)

Polling page: 0x00000178d9800000

Metaspace:

Usage:
  Non-class:     12.37 MB used.
      Class:      1.35 MB used.
       Both:     13.72 MB used.

Virtual space:
  Non-class space:       16.00 MB reserved,      12.44 MB ( 78%) committed,  2 nodes.
      Class space:        1.00 GB reserved,       1.44 MB ( <1%) committed,  1 nodes.
             Both:        1.02 GB reserved,      13.88 MB (  1%) committed. 

Chunk freelists:
   Non-Class:  3.00 MB
       Class:  2.61 MB
        Both:  5.61 MB

MaxMetaspaceSize: unlimited
CompressedClassSpaceSize: 1.00 GB
Initial GC threshold: 21.00 MB
Current GC threshold: 21.00 MB
CDS: off
MetaspaceReclaimPolicy: balanced
 - commit_granule_bytes: 65536.
 - commit_granule_words: 8192.
 - virtual_space_node_default_size: 1048576.
 - enlarge_chunks_in_place: 1.
 - new_chunks_are_fully_committed: 0.
 - uncommit_free_chunks: 1.
 - use_allocation_guard: 0.
 - handle_deallocations: 1.


Internal statistics:

num_allocs_failed_limit: 0.
num_arena_births: 120.
num_arena_deaths: 0.
num_vsnodes_births: 3.
num_vsnodes_deaths: 0.
num_space_committed: 222.
num_space_uncommitted: 0.
num_chunks_returned_to_freelist: 0.
num_chunks_taken_from_freelist: 171.
num_chunk_merges: 0.
num_chunk_splits: 98.
num_chunks_enlarged: 52.
num_purges: 0.
num_inconsistent_stats: 0.

CodeHeap 'non-profiled nmethods': size=120000Kb used=235Kb max_used=235Kb free=119765Kb
 bounds [0x00000178e6bb0000, 0x00000178e6e20000, 0x00000178ee0e0000]
CodeHeap 'profiled nmethods': size=120000Kb used=1584Kb max_used=1584Kb free=118415Kb
 bounds [0x00000178df0e0000, 0x00000178df350000, 0x00000178e6610000]
CodeHeap 'non-nmethods': size=5760Kb used=1259Kb max_used=1259Kb free=4500Kb
 bounds [0x00000178e6610000, 0x00000178e6880000, 0x00000178e6bb0000]
 total_blobs=1515 nmethods=934 adapters=494
 compilation: enabled
              stopped_count=0, restarted_count=0
 full_count=0

Compilation events (20 events):
Event: 0.913 Thread 0x00000178f54254b0  909       3       java.nio.charset.CoderResult::isUnderflow (13 bytes)
Event: 0.913 Thread 0x00000178f54254b0 nmethod 909 0x00000178df254210 code [0x00000178df2543a0, 0x00000178df254518]
Event: 0.913 Thread 0x00000178f54254b0  910       3       java.nio.ByteBuffer::position (6 bytes)
Event: 0.913 Thread 0x00000178f54254b0 nmethod 910 0x00000178df254590 code [0x00000178df254740, 0x00000178df254908]
Event: 0.913 Thread 0x00000178f54254b0  907       3       sun.nio.ch.FileDispatcherImpl::seek (6 bytes)
Event: 0.913 Thread 0x00000178f54254b0 nmethod 907 0x00000178df254990 code [0x00000178df254b20, 0x00000178df254c68]
Event: 0.914 Thread 0x00000178f54254b0  912       3       java.nio.HeapByteBuffer::byteOffset (7 bytes)
Event: 0.914 Thread 0x00000178f54254b0 nmethod 912 0x00000178df254d10 code [0x00000178df254ea0, 0x00000178df254fb8]
Event: 0.914 Thread 0x00000178f54254b0  913       3       java.nio.Buffer::checkIndex (24 bytes)
Event: 0.915 Thread 0x00000178f54254b0 nmethod 913 0x00000178df255090 code [0x00000178df255240, 0x00000178df255448]
Event: 0.917 Thread 0x00000178f54254b0  914       3       jdk.internal.misc.Unsafe::checkNativeAddress (28 bytes)
Event: 0.917 Thread 0x00000178f54254b0 nmethod 914 0x00000178df255510 code [0x00000178df2556a0, 0x00000178df2557b8]
Event: 0.917 Thread 0x00000178f54254b0  915   !   3       sun.font.TrueTypeFont::getTableBuffer (215 bytes)
Event: 0.918 Thread 0x00000178f54254b0 nmethod 915 0x00000178df255890 code [0x00000178df255b40, 0x00000178df256878]
Event: 0.918 Thread 0x00000178f54254b0  917       3       jdk.internal.misc.Unsafe::checkSize (32 bytes)
Event: 0.918 Thread 0x00000178f54254b0 nmethod 917 0x00000178df257110 code [0x00000178df2572c0, 0x00000178df257528]
Event: 0.920 Thread 0x00000178f54254b0  918       3       java.nio.MappedByteBuffer::limit (8 bytes)
Event: 0.920 Thread 0x00000178f54254b0 nmethod 918 0x00000178df257610 code [0x00000178df2577c0, 0x00000178df257968]
Event: 0.930 Thread 0x00000178f54254b0  919       1       java.nio.charset.CharsetDecoder::maxCharsPerByte (5 bytes)
Event: 0.930 Thread 0x00000178f54254b0 nmethod 919 0x00000178e6be9e10 code [0x00000178e6be9fa0, 0x00000178e6bea078]

GC Heap History (0 events):
No events

Dll operation events (8 events):
Event: 0.009 Loaded shared library C:\Users\gurmi\OneDrive\Desktop\eclipse\plugins\org.eclipse.justj.openjdk.hotspot.jre.full.win32.x86_64_17.0.6.v20230204-1729\jre\bin\java.dll
Event: 0.138 Loaded shared library C:\Users\gurmi\OneDrive\Desktop\eclipse\plugins\org.eclipse.justj.openjdk.hotspot.jre.full.win32.x86_64_17.0.6.v20230204-1729\jre\bin\net.dll
Event: 0.141 Loaded shared library C:\Users\gurmi\OneDrive\Desktop\eclipse\plugins\org.eclipse.justj.openjdk.hotspot.jre.full.win32.x86_64_17.0.6.v20230204-1729\jre\bin\nio.dll
Event: 0.209 Loaded shared library C:\Users\gurmi\OneDrive\Desktop\eclipse\plugins\org.eclipse.justj.openjdk.hotspot.jre.full.win32.x86_64_17.0.6.v20230204-1729\jre\bin\jimage.dll
Event: 0.232 Loaded shared library C:\Users\gurmi\OneDrive\Desktop\eclipse\plugins\org.eclipse.justj.openjdk.hotspot.jre.full.win32.x86_64_17.0.6.v20230204-1729\jre\bin\awt.dll
Event: 0.472 Loaded shared library C:\Users\gurmi\OneDrive\Desktop\eclipse\plugins\org.eclipse.justj.openjdk.hotspot.jre.full.win32.x86_64_17.0.6.v20230204-1729\jre\bin\zip.dll
Event: 0.693 Loaded shared library C:\Users\gurmi\OneDrive\Desktop\eclipse\plugins\org.eclipse.justj.openjdk.hotspot.jre.full.win32.x86_64_17.0.6.v20230204-1729\jre\bin\freetype.dll
Event: 0.694 Loaded shared library C:\Users\gurmi\OneDrive\Desktop\eclipse\plugins\org.eclipse.justj.openjdk.hotspot.jre.full.win32.x86_64_17.0.6.v20230204-1729\jre\bin\fontmanager.dll

Deoptimization events (20 events):
Event: 0.703 Thread 0x00000178dba2c9c0 Uncommon trap: trap_request=0xffffff45 fr.pc=0x00000178e6bd7640 relative=0x0000000000000340
Event: 0.703 Thread 0x00000178dba2c9c0 Uncommon trap: reason=unstable_if action=reinterpret pc=0x00000178e6bd7640 method=java.lang.StringUTF16.compress([CI[BII)I @ 20 c2
Event: 0.703 Thread 0x00000178dba2c9c0 DEOPT PACKING pc=0x00000178e6bd7640 sp=0x00000053adcfd2f0
Event: 0.703 Thread 0x00000178dba2c9c0 DEOPT UNPACKING pc=0x00000178e66669a3 sp=0x00000053adcfd270 mode 2
Event: 0.712 Thread 0x00000178dba2c9c0 Uncommon trap: trap_request=0xffffffc6 fr.pc=0x00000178e6bdba98 relative=0x0000000000000918
Event: 0.712 Thread 0x00000178dba2c9c0 Uncommon trap: reason=bimorphic_or_optimized_type_check action=maybe_recompile pc=0x00000178e6bdba98 method=java.util.HashMap.putVal(ILjava/lang/Object;Ljava/lang/Object;ZZ)Ljava/lang/Object; @ 152 c2
Event: 0.712 Thread 0x00000178dba2c9c0 DEOPT PACKING pc=0x00000178e6bdba98 sp=0x00000053adcfca40
Event: 0.712 Thread 0x00000178dba2c9c0 DEOPT UNPACKING pc=0x00000178e66669a3 sp=0x00000053adcfc9c0 mode 2
Event: 0.712 Thread 0x00000178dba2c9c0 Uncommon trap: trap_request=0xffffffc6 fr.pc=0x00000178e6bdba98 relative=0x0000000000000918
Event: 0.712 Thread 0x00000178dba2c9c0 Uncommon trap: reason=bimorphic_or_optimized_type_check action=maybe_recompile pc=0x00000178e6bdba98 method=java.util.HashMap.putVal(ILjava/lang/Object;Ljava/lang/Object;ZZ)Ljava/lang/Object; @ 152 c2
Event: 0.712 Thread 0x00000178dba2c9c0 DEOPT PACKING pc=0x00000178e6bdba98 sp=0x00000053adcfca40
Event: 0.712 Thread 0x00000178dba2c9c0 DEOPT UNPACKING pc=0x00000178e66669a3 sp=0x00000053adcfc9c0 mode 2
Event: 0.712 Thread 0x00000178dba2c9c0 Uncommon trap: trap_request=0xffffffc6 fr.pc=0x00000178e6bdba98 relative=0x0000000000000918
Event: 0.712 Thread 0x00000178dba2c9c0 Uncommon trap: reason=bimorphic_or_optimized_type_check action=maybe_recompile pc=0x00000178e6bdba98 method=java.util.HashMap.putVal(ILjava/lang/Object;Ljava/lang/Object;ZZ)Ljava/lang/Object; @ 152 c2
Event: 0.712 Thread 0x00000178dba2c9c0 DEOPT PACKING pc=0x00000178e6bdba98 sp=0x00000053adcfca40
Event: 0.712 Thread 0x00000178dba2c9c0 DEOPT UNPACKING pc=0x00000178e66669a3 sp=0x00000053adcfc9c0 mode 2
Event: 0.712 Thread 0x00000178dba2c9c0 Uncommon trap: trap_request=0xffffffc6 fr.pc=0x00000178e6bdba98 relative=0x0000000000000918
Event: 0.712 Thread 0x00000178dba2c9c0 Uncommon trap: reason=bimorphic_or_optimized_type_check action=maybe_recompile pc=0x00000178e6bdba98 method=java.util.HashMap.putVal(ILjava/lang/Object;Ljava/lang/Object;ZZ)Ljava/lang/Object; @ 152 c2
Event: 0.712 Thread 0x00000178dba2c9c0 DEOPT PACKING pc=0x00000178e6bdba98 sp=0x00000053adcfca40
Event: 0.712 Thread 0x00000178dba2c9c0 DEOPT UNPACKING pc=0x00000178e66669a3 sp=0x00000053adcfc9c0 mode 2

Classes unloaded (0 events):
No events

Classes redefined (0 events):
No events

Internal exceptions (15 events):
Event: 0.155 Thread 0x00000178dba2c9c0 Exception <a 'java/lang/NoSuchMethodError'{0x00000000a8236b08}: 'void java.lang.invoke.DirectMethodHandle$Holder.invokeVirtual(java.lang.Object, java.lang.Object)'> (0x00000000a8236b08) 
thrown [s\src\hotspot\share\interpreter\linkResolver.cpp, line 759]
Event: 0.213 Thread 0x00000178dba2c9c0 Exception <a 'sun/nio/fs/WindowsException'{0x00000000a82e2608}> (0x00000000a82e2608) 
thrown [s\src\hotspot\share\prims\jni.cpp, line 516]
Event: 0.220 Thread 0x00000178dba2c9c0 Exception <a 'java/lang/ClassNotFoundException'{0x00000000a82e8988}: sun/awt/resources/spi/awtProvider> (0x00000000a82e8988) 
thrown [s\src\hotspot\share\classfile\systemDictionary.cpp, line 256]
Event: 0.246 Thread 0x00000178dba2c9c0 Exception <a 'java/io/FileNotFoundException'{0x00000000a813d600}> (0x00000000a813d600) 
thrown [s\src\hotspot\share\prims\jni.cpp, line 516]
Event: 0.253 Thread 0x00000178dba2c9c0 Exception <a 'java/io/FileNotFoundException'{0x00000000a816a710}> (0x00000000a816a710) 
thrown [s\src\hotspot\share\prims\jni.cpp, line 516]
Event: 0.301 Thread 0x00000178dba2c9c0 Exception <a 'java/lang/NoSuchMethodError'{0x00000000a81b57f0}: 'java.lang.Object java.lang.invoke.DirectMethodHandle$Holder.invokeStaticInit(java.lang.Object)'> (0x00000000a81b57f0) 
thrown [s\src\hotspot\share\interpreter\linkResolver.cpp, line 759]
Event: 0.400 Thread 0x00000178dba2c9c0 Exception <a 'java/lang/NoSuchMethodError'{0x00000000a8013da8}: 'void java.lang.invoke.DirectMethodHandle$Holder.invokeSpecial(java.lang.Object, java.lang.Object, java.lang.Object)'> (0x00000000a8013da8) 
thrown [s\src\hotspot\share\interpreter\linkResolver.cpp, line 759]
Event: 0.410 Thread 0x00000178dba2c9c0 Exception <a 'java/lang/NoSuchMethodError'{0x00000000a803ded8}: 'java.lang.Object java.lang.invoke.DirectMethodHandle$Holder.newInvokeSpecial(java.lang.Object, java.lang.Object, java.lang.Object, java.lang.Object, java.lang.Object)'> (0x00000000a803ded8) 
thrown [s\src\hotspot\share\interpreter\linkResolver.cpp, line 759]
Event: 0.412 Thread 0x00000178dba2c9c0 Exception <a 'java/lang/NoSuchMethodError'{0x00000000a80498a0}: 'java.lang.Object java.lang.invoke.DirectMethodHandle$Holder.invokeStatic(java.lang.Object, int, java.lang.Object, java.lang.Object, java.lang.Object, java.lang.Object)'> (0x00000000a80498a0) 
thrown [s\src\hotspot\share\interpreter\linkResolver.cpp, line 759]
Event: 0.418 Thread 0x00000178dba2c9c0 Exception <a 'java/lang/NoSuchMethodError'{0x00000000a806f060}: 'java.lang.Object java.lang.invoke.DirectMethodHandle$Holder.invokeStatic(java.lang.Object, int, java.lang.Object)'> (0x00000000a806f060) 
thrown [s\src\hotspot\share\interpreter\linkResolver.cpp, line 759]
Event: 0.447 Thread 0x00000178dba2c9c0 Exception <a 'java/lang/ClassNotFoundException'{0x00000000a7f274e0}: com/sun/swing/internal/plaf/metal/resources/spi/metalProvider> (0x00000000a7f274e0) 
thrown [s\src\hotspot\share\classfile\systemDictionary.cpp, line 256]
Event: 0.448 Thread 0x00000178dba2c9c0 Exception <a 'java/lang/ClassNotFoundException'{0x00000000a7f2b2e8}: com/sun/swing/internal/plaf/basic/resources/spi/basicProvider> (0x00000000a7f2b2e8) 
thrown [s\src\hotspot\share\classfile\systemDictionary.cpp, line 256]
Event: 0.544 Thread 0x00000178f5b444c0 Exception <a 'java/lang/NoSuchMethodError'{0x00000000a7d1ef30}: 'java.lang.Object java.lang.invoke.DirectMethodHandle$Holder.newInvokeSpecial(java.lang.Object, java.lang.Object, java.lang.Object, int, int, int, int, int)'> (0x00000000a7d1ef30) 
thrown [s\src\hotspot\share\interpreter\linkResolver.cpp, line 759]
Event: 0.687 Thread 0x00000178dba2c9c0 Exception <a 'java/lang/NoSuchMethodError'{0x00000000a7805a50}: 'void java.lang.invoke.DirectMethodHandle$Holder.invokeStaticInit(java.lang.Object)'> (0x00000000a7805a50) 
thrown [s\src\hotspot\share\interpreter\linkResolver.cpp, line 759]
Event: 0.726 Thread 0x00000178dba2c9c0 Exception <a 'sun/nio/fs/WindowsException'{0x00000000a7862d98}> (0x00000000a7862d98) 
thrown [s\src\hotspot\share\prims\jni.cpp, line 516]

VM Operations (6 events):
Event: 0.176 Executing VM operation: HandshakeAllThreads
Event: 0.176 Executing VM operation: HandshakeAllThreads done
Event: 0.675 Executing VM operation: HandshakeAllThreads
Event: 0.675 Executing VM operation: HandshakeAllThreads done
Event: 0.711 Executing VM operation: HandshakeAllThreads
Event: 0.711 Executing VM operation: HandshakeAllThreads done

Events (20 events):
Event: 0.813 loading class sun/font/TrueTypeFont$DirectoryEntry
Event: 0.813 loading class sun/font/TrueTypeFont$DirectoryEntry done
Event: 0.814 loading class java/nio/ByteBufferAsShortBufferB
Event: 0.814 loading class java/nio/ShortBuffer
Event: 0.814 loading class java/nio/ShortBuffer done
Event: 0.814 loading class java/nio/ByteBufferAsShortBufferB done
Event: 0.815 loading class sun/nio/cs/UTF_16$Decoder
Event: 0.815 loading class sun/nio/cs/UnicodeDecoder
Event: 0.815 loading class sun/nio/cs/UnicodeDecoder done
Event: 0.815 loading class sun/nio/cs/UTF_16$Decoder done
Event: 0.818 loading class sun/font/SunFontManager$4
Event: 0.818 loading class sun/font/SunFontManager$4 done
Event: 0.832 loading class java/io/RandomAccessFile$1
Event: 0.833 loading class java/io/RandomAccessFile$1 done
Event: 0.838 loading class jdk/internal/misc/ScopedMemoryAccess$Scope
Event: 0.838 loading class jdk/internal/misc/ScopedMemoryAccess$Scope done
Event: 0.841 loading class sun/font/SunFontManager$9
Event: 0.841 loading class sun/font/SunFontManager$9 done
Event: 0.842 loading class sun/font/SunFontManager$10
Event: 0.842 loading class sun/font/SunFontManager$10 done


Dynamic libraries:
0x00007ff75f930000 - 0x00007ff75f93e000 	C:\Users\gurmi\OneDrive\Desktop\eclipse\plugins\org.eclipse.justj.openjdk.hotspot.jre.full.win32.x86_64_17.0.6.v20230204-1729\jre\bin\javaw.exe
0x00007ffed5270000 - 0x00007ffed5487000 	C:\Windows\SYSTEM32\ntdll.dll
0x00007ffed2fc0000 - 0x00007ffed3084000 	C:\Windows\System32\KERNEL32.DLL
0x00007ffed2a20000 - 0x00007ffed2dc6000 	C:\Windows\System32\KERNELBASE.dll
0x00007ffed2670000 - 0x00007ffed2781000 	C:\Windows\System32\ucrtbase.dll
0x00007ffead5a0000 - 0x00007ffead5b9000 	C:\Users\gurmi\OneDrive\Desktop\eclipse\plugins\org.eclipse.justj.openjdk.hotspot.jre.full.win32.x86_64_17.0.6.v20230204-1729\jre\bin\VCRUNTIME140.dll
0x00007ffec1ac0000 - 0x00007ffec1ad7000 	C:\Users\gurmi\OneDrive\Desktop\eclipse\plugins\org.eclipse.justj.openjdk.hotspot.jre.full.win32.x86_64_17.0.6.v20230204-1729\jre\bin\jli.dll
0x00007ffed3610000 - 0x00007ffed37be000 	C:\Windows\System32\USER32.dll
0x00007ffeb1bf0000 - 0x00007ffeb1e83000 	C:\Windows\WinSxS\amd64_microsoft.windows.common-controls_6595b64144ccf1df_6.0.22621.2506_none_270c5ae97388e100\COMCTL32.dll
0x00007ffed2ef0000 - 0x00007ffed2f16000 	C:\Windows\System32\win32u.dll
0x00007ffed4d80000 - 0x00007ffed4e27000 	C:\Windows\System32\msvcrt.dll
0x00007ffed5140000 - 0x00007ffed5169000 	C:\Windows\System32\GDI32.dll
0x00007ffed2dd0000 - 0x00007ffed2ee8000 	C:\Windows\System32\gdi32full.dll
0x00007ffed2810000 - 0x00007ffed28aa000 	C:\Windows\System32\msvcp_win.dll
0x00007ffed4e30000 - 0x00007ffed4e61000 	C:\Windows\System32\IMM32.DLL
0x00007ffec1ab0000 - 0x00007ffec1abc000 	C:\Users\gurmi\OneDrive\Desktop\eclipse\plugins\org.eclipse.justj.openjdk.hotspot.jre.full.win32.x86_64_17.0.6.v20230204-1729\jre\bin\vcruntime140_1.dll
0x00007ffe892a0000 - 0x00007ffe89331000 	C:\Users\gurmi\OneDrive\Desktop\eclipse\plugins\org.eclipse.justj.openjdk.hotspot.jre.full.win32.x86_64_17.0.6.v20230204-1729\jre\bin\msvcp140.dll
0x00007ffe557b0000 - 0x00007ffe563f7000 	C:\Users\gurmi\OneDrive\Desktop\eclipse\plugins\org.eclipse.justj.openjdk.hotspot.jre.full.win32.x86_64_17.0.6.v20230204-1729\jre\bin\server\jvm.dll
0x00007ffed5080000 - 0x00007ffed5133000 	C:\Windows\System32\ADVAPI32.dll
0x00007ffed37d0000 - 0x00007ffed3878000 	C:\Windows\System32\sechost.dll
0x00007ffed2f90000 - 0x00007ffed2fb8000 	C:\Windows\System32\bcrypt.dll
0x00007ffed49e0000 - 0x00007ffed4af7000 	C:\Windows\System32\RPCRT4.dll
0x00007ffec0ad0000 - 0x00007ffec0ad9000 	C:\Windows\SYSTEM32\WSOCK32.dll
0x00007ffec9c30000 - 0x00007ffec9c3a000 	C:\Windows\SYSTEM32\VERSION.dll
0x00007ffecfe50000 - 0x00007ffecfe84000 	C:\Windows\SYSTEM32\WINMM.dll
0x00007ffed47c0000 - 0x00007ffed4831000 	C:\Windows\System32\WS2_32.dll
0x00007ffed1540000 - 0x00007ffed1558000 	C:\Windows\SYSTEM32\kernel.appcore.dll
0x00007ffecaf40000 - 0x00007ffecaf4a000 	C:\Users\gurmi\OneDrive\Desktop\eclipse\plugins\org.eclipse.justj.openjdk.hotspot.jre.full.win32.x86_64_17.0.6.v20230204-1729\jre\bin\jimage.dll
0x00007ffecfc10000 - 0x00007ffecfe43000 	C:\Windows\SYSTEM32\DBGHELP.DLL
0x00007ffed3180000 - 0x00007ffed3509000 	C:\Windows\System32\combase.dll
0x00007ffed4240000 - 0x00007ffed4317000 	C:\Windows\System32\OLEAUT32.dll
0x00007ffecfbb0000 - 0x00007ffecfbe2000 	C:\Windows\SYSTEM32\dbgcore.DLL
0x00007ffed2790000 - 0x00007ffed280a000 	C:\Windows\System32\bcryptPrimitives.dll
0x00007ffea3500000 - 0x00007ffea3525000 	C:\Users\gurmi\OneDrive\Desktop\eclipse\plugins\org.eclipse.justj.openjdk.hotspot.jre.full.win32.x86_64_17.0.6.v20230204-1729\jre\bin\java.dll
0x00007ffea19e0000 - 0x00007ffea19f8000 	C:\Users\gurmi\OneDrive\Desktop\eclipse\plugins\org.eclipse.justj.openjdk.hotspot.jre.full.win32.x86_64_17.0.6.v20230204-1729\jre\bin\zip.dll
0x00007ffed3880000 - 0x00007ffed40da000 	C:\Windows\System32\SHELL32.dll
0x00007ffed0350000 - 0x00007ffed0c46000 	C:\Windows\SYSTEM32\windows.storage.dll
0x00007ffed0c70000 - 0x00007ffed0dae000 	C:\Windows\SYSTEM32\wintypes.dll
0x00007ffed4c70000 - 0x00007ffed4d63000 	C:\Windows\System32\SHCORE.dll
0x00007ffed51d0000 - 0x00007ffed522e000 	C:\Windows\System32\shlwapi.dll
0x00007ffed24e0000 - 0x00007ffed2506000 	C:\Windows\SYSTEM32\profapi.dll
0x00007ffea19c0000 - 0x00007ffea19d9000 	C:\Users\gurmi\OneDrive\Desktop\eclipse\plugins\org.eclipse.justj.openjdk.hotspot.jre.full.win32.x86_64_17.0.6.v20230204-1729\jre\bin\net.dll
0x00007ffecc6d0000 - 0x00007ffecc807000 	C:\Windows\SYSTEM32\WINHTTP.dll
0x00007ffed1a20000 - 0x00007ffed1a89000 	C:\Windows\system32\mswsock.dll
0x00007ffe97e70000 - 0x00007ffe97e85000 	C:\Users\gurmi\OneDrive\Desktop\eclipse\plugins\org.eclipse.justj.openjdk.hotspot.jre.full.win32.x86_64_17.0.6.v20230204-1729\jre\bin\nio.dll
0x00007ffe5a6c0000 - 0x00007ffe5a84e000 	C:\Users\gurmi\OneDrive\Desktop\eclipse\plugins\org.eclipse.justj.openjdk.hotspot.jre.full.win32.x86_64_17.0.6.v20230204-1729\jre\bin\awt.dll
0x00007ffecf290000 - 0x00007ffecf327000 	C:\Windows\SYSTEM32\apphelp.dll
0x00007ffecf850000 - 0x00007ffecf87b000 	C:\Windows\system32\DWMAPI.DLL
0x00007ffecf440000 - 0x00007ffecf4eb000 	C:\Windows\system32\uxtheme.dll
0x00007ffe470b0000 - 0x00007ffe471b0000 	C:\Windows\system32\opengl32.dll
0x00007ffe46f00000 - 0x00007ffe46f2d000 	C:\Windows\SYSTEM32\GLU32.dll
0x00007ffecf530000 - 0x00007ffecf566000 	C:\Windows\SYSTEM32\dxcore.dll
0x00007ffed4b00000 - 0x00007ffed4c50000 	C:\Windows\System32\MSCTF.dll
0x00007ffed4840000 - 0x00007ffed49e0000 	C:\Windows\System32\ole32.dll
0x00007ffe8a410000 - 0x00007ffe8a5b9000 	C:\Windows\system32\d3d9.dll
0x00007ffea9900000 - 0x00007ffea9abb000 	C:\Windows\System32\DriverStore\FileRepository\u0390483.inf_amd64_b7c25444b8e9ca60\B389503\aticfx64.dll
0x00007ffe512b0000 - 0x00007ffe512e4000 	C:\Windows\System32\DriverStore\FileRepository\u0390483.inf_amd64_b7c25444b8e9ca60\B389503\atiu9p64.dll
0x00007ffe33040000 - 0x00007ffe33d95000 	C:\Windows\System32\DriverStore\FileRepository\u0390483.inf_amd64_b7c25444b8e9ca60\B389503\atiumd64.dll
0x0000000076300000 - 0x0000000077228000 	C:\Windows\System32\DriverStore\FileRepository\u0390483.inf_amd64_b7c25444b8e9ca60\B389503\atiumd6a.dll
0x00007ffed4340000 - 0x00007ffed47b4000 	C:\Windows\System32\SETUPAPI.dll
0x00007ffed23d0000 - 0x00007ffed241d000 	C:\Windows\SYSTEM32\POWRPROF.dll
0x00007ffed22b0000 - 0x00007ffed22c3000 	C:\Windows\SYSTEM32\UMPDC.dll
0x00007ffea7900000 - 0x00007ffea7935000 	C:\Windows\SYSTEM32\amdihk64.dll
0x00007ffeb7c00000 - 0x00007ffeb7c4a000 	C:\Windows\SYSTEM32\directxdatabasehelper.dll
0x00007ffe7d360000 - 0x00007ffe7d3e6000 	C:\Users\gurmi\OneDrive\Desktop\eclipse\plugins\org.eclipse.justj.openjdk.hotspot.jre.full.win32.x86_64_17.0.6.v20230204-1729\jre\bin\freetype.dll
0x00007ffe5d410000 - 0x00007ffe5d4d5000 	C:\Users\gurmi\OneDrive\Desktop\eclipse\plugins\org.eclipse.justj.openjdk.hotspot.jre.full.win32.x86_64_17.0.6.v20230204-1729\jre\bin\fontmanager.dll
0x00007ffea9d70000 - 0x00007ffea9eba000 	C:\Windows\SYSTEM32\textinputframework.dll
0x00007ffea1700000 - 0x00007ffea1769000 	C:\Windows\system32\Oleacc.dll

dbghelp: loaded successfully - version: 4.0.5 - missing functions: none
symbol engine: initialized successfully - sym options: 0x614 - pdb path: .;C:\Users\gurmi\OneDrive\Desktop\eclipse\plugins\org.eclipse.justj.openjdk.hotspot.jre.full.win32.x86_64_17.0.6.v20230204-1729\jre\bin;C:\Windows\SYSTEM32;C:\Windows\WinSxS\amd64_microsoft.windows.common-controls_6595b64144ccf1df_6.0.22621.2506_none_270c5ae97388e100;C:\Users\gurmi\OneDrive\Desktop\eclipse\plugins\org.eclipse.justj.openjdk.hotspot.jre.full.win32.x86_64_17.0.6.v20230204-1729\jre\bin\server;C:\Windows\System32\DriverStore\FileRepository\u0390483.inf_amd64_b7c25444b8e9ca60\B389503

VM Arguments:
jvm_args: -Dfile.encoding=UTF-8 --module-path=C:\Users\gurmi\eclipse-workspace\ChattingApplication\bin -XX:+ShowCodeDetailsInExceptionMessages -Djdk.module.main=ChattingApplication 
java_command: ChattingApplication/chatting.application.Server
java_class_path (initial): <not set>
Launcher Type: SUN_STANDARD

[Global flags]
     intx CICompilerCount                          = 4                                         {product} {ergonomic}
     uint ConcGCThreads                            = 3                                         {product} {ergonomic}
     uint G1ConcRefinementThreads                  = 10                                        {product} {ergonomic}
   size_t G1HeapRegionSize                         = 1048576                                   {product} {ergonomic}
    uintx GCDrainStackTargetSize                   = 64                                        {product} {ergonomic}
   size_t InitialHeapSize                          = 98566144                                  {product} {ergonomic}
   size_t MarkStackSize                            = 4194304                                   {product} {ergonomic}
   size_t MaxHeapSize                              = 1570766848                                {product} {ergonomic}
   size_t MaxNewSize                               = 941621248                                 {product} {ergonomic}
   size_t MinHeapDeltaBytes                        = 1048576                                   {product} {ergonomic}
   size_t MinHeapSize                              = 8388608                                   {product} {ergonomic}
    uintx NonNMethodCodeHeapSize                   = 5839372                                {pd product} {ergonomic}
    uintx NonProfiledCodeHeapSize                  = 122909434                              {pd product} {ergonomic}
    uintx ProfiledCodeHeapSize                     = 122909434                              {pd product} {ergonomic}
    uintx ReservedCodeCacheSize                    = 251658240                              {pd product} {ergonomic}
     bool SegmentedCodeCache                       = true                                      {product} {ergonomic}
     bool ShowCodeDetailsInExceptionMessages       = true                                   {manageable} {command line}
   size_t SoftMaxHeapSize                          = 1570766848                             {manageable} {ergonomic}
     bool UseCompressedClassPointers               = true                           {product lp64_product} {ergonomic}
     bool UseCompressedOops                        = true                           {product lp64_product} {ergonomic}
     bool UseG1GC                                  = true                                      {product} {ergonomic}
     bool UseLargePagesIndividualAllocation        = false                                  {pd product} {ergonomic}

Logging:
Log output configuration:
 #0: stdout all=warning uptime,level,tags
 #1: stderr all=off uptime,level,tags

Environment Variables:
JAVA_HOME=C:\AmazonCorretto\jdk17.0.7_7
PATH=C:/Users/gurmi/OneDrive/Desktop/eclipse//plugins/org.eclipse.justj.openjdk.hotspot.jre.full.win32.x86_64_17.0.6.v20230204-1729/jre/bin/server;C:/Users/gurmi/OneDrive/Desktop/eclipse//plugins/org.eclipse.justj.openjdk.hotspot.jre.full.win32.x86_64_17.0.6.v20230204-1729/jre/bin;C:\oracle19cinstall\bin;C:\Program Files (x86)\VMware\VMware Workstation\bin\;C:\AmazonCorretto\jdk17.0.7_7\bin;C:\Program Files\Common Files\Oracle\Java\javapath;C:\Windows\system32;C:\Windows;C:\Windows\System32\Wbem;C:\Windows\System32\WindowsPowerShell\v1.0\;C:\Windows\System32\OpenSSH\;C:\Program Files\Git\cmd;C:\Program Files (x86)\Microsoft SQL Server\160\Tools\Binn\;C:\Program Files\Microsoft SQL Server\160\Tools\Binn\;C:\Program Files\Microsoft SQL Server\Client SDK\ODBC\170\Tools\Binn\;C:\Program Files\Microsoft SQL Server\160\DTS\Binn\;C:\Program Files (x86)\Microsoft SQL Server\160\DTS\Binn\;C:\Program Files\Azure Data Studio\bin;C:\oracle\instantclient_21_12;C:\Users\gurmi\AppData\Local\Microsoft\WindowsApps;C:\Users\gurmi\AppData\Local\Programs\Microsoft VS Code\bin;C:\Program Files\Azure Data Studio\bin;;C:\Users\gurmi\OneDrive\Desktop\eclipse;
USERNAME=gurmi
OS=Windows_NT
PROCESSOR_IDENTIFIER=AMD64 Family 25 Model 80 Stepping 0, AuthenticAMD
TMP=C:\Users\gurmi\AppData\Local\Temp
TEMP=C:\Users\gurmi\AppData\Local\Temp



---------------  S Y S T E M  ---------------

OS:
 Windows 11 , 64 bit Build 22621 (10.0.22621.2506)
OS uptime: 1 days 1:10 hours
Hyper-V role detected

CPU: total 12 (initial active 12) (12 cores per cpu, 2 threads per core) family 25 model 80 stepping 0 microcode 0x0, cx8, cmov, fxsr, ht, mmx, 3dnowpref, sse, sse2, sse3, ssse3, sse4a, sse4.1, sse4.2, popcnt, lzcnt, tsc, tscinvbit, avx, avx2, aes, erms, clmul, bmi1, bmi2, adx, sha, fma, vzeroupper, clflush, clflushopt, hv

Memory: 4k page, system-wide physical 5989M (393M free)
TotalPageFile size 24421M (AvailPageFile size 5M)
current process WorkingSet (physical memory assigned to process): 97M, peak: 99M
current process commit charge ("private bytes"): 228M, peak: 231M

vm_info: OpenJDK 64-Bit Server VM (17.0.6+10) for windows-amd64 JRE (17.0.6+10), built on Jan 18 2023 10:08:59 by "temurin" with MS VC++ 16.7 (VS2019)

END.
