#
# There is insufficient memory for the Java Runtime Environment to continue.
# Native memory allocation (mmap) failed to map 65536 bytes for Failed to commit metaspace.
# Possible reasons:
#   The system is out of physical RAM or swap space
#   The process is running with CompressedOops enabled, and the Java Heap may be blocking the growth of the native heap
# Possible solutions:
#   Reduce memory load on the system
#   Increase physical memory or swap space
#   Check if swap backing store is full
#   Decrease Java heap size (-Xmx/-Xms)
#   Decrease number of Java threads
#   Decrease Java thread stack sizes (-Xss)
#   Set larger code cache with -XX:ReservedCodeCacheSize=
#   JVM is running with Unscaled Compressed Oops mode in which the Java heap is
#     placed in the first 4GB address space. The Java Heap base address is the
#     maximum limit for the native heap growth. Please use -XX:HeapBaseMinAddress
#     to set the Java Heap base and to place the Java Heap above 4GB virtual address.
# This output file may be truncated or incomplete.
#
#  Out of Memory Error (virtualSpaceNode.cpp:110), pid=3832, tid=17528
#
# JRE version: OpenJDK Runtime Environment Temurin-17.0.6+10 (17.0.6+10) (build 17.0.6+10)
# Java VM: OpenJDK 64-Bit Server VM Temurin-17.0.6+10 (17.0.6+10, mixed mode, tiered, compressed oops, compressed class ptrs, g1 gc, windows-amd64)
# No core dump will be written. Minidumps are not enabled by default on client versions of Windows
#

---------------  S U M M A R Y ------------

Command Line: -Dfile.encoding=UTF-8 --module-path=C:\Users\gurmi\eclipse-workspace\ChattingApplication\bin -XX:+ShowCodeDetailsInExceptionMessages -Djdk.module.main=ChattingApplication ChattingApplication/chatting.application.Server

Host: AMD Ryzen 5 5625U with Radeon Graphics         , 12 cores, 5G,  Windows 11 , 64 bit Build 22621 (10.0.22621.2506)
Time: Mon Jan 15 15:59:37 2024 Eastern Standard Time elapsed time: 0.077974 seconds (0d 0h 0m 0s)

---------------  T H R E A D  ---------------

Current thread (0x000002e676d8d7e0):  JavaThread "main" [_thread_in_vm, id=17528, stack(0x000000fcf1600000,0x000000fcf1700000)]

Stack: [0x000000fcf1600000,0x000000fcf1700000]
Native frames: (J=compiled Java code, j=interpreted, Vv=VM code, C=native code)
V  [jvm.dll+0x67741a]
V  [jvm.dll+0x834434]
V  [jvm.dll+0x835bde]
V  [jvm.dll+0x836243]
V  [jvm.dll+0x2457b5]
V  [jvm.dll+0x8304cb]
V  [jvm.dll+0x61bca6]
V  [jvm.dll+0x1c05fe]
V  [jvm.dll+0x61e5f1]
V  [jvm.dll+0x61c646]
V  [jvm.dll+0x36b462]
V  [jvm.dll+0x1e20cb]
V  [jvm.dll+0x53c6f9]
V  [jvm.dll+0x1f1017]
V  [jvm.dll+0x7aea1b]
V  [jvm.dll+0x7afdc2]
V  [jvm.dll+0x7b0559]
V  [jvm.dll+0x1eb654]
V  [jvm.dll+0x1e085a]
V  [jvm.dll+0x53c6d0]
V  [jvm.dll+0x1f1017]
V  [jvm.dll+0x7aea1b]
V  [jvm.dll+0x7afdc2]
V  [jvm.dll+0x7b00f8]
V  [jvm.dll+0x23dbbe]
V  [jvm.dll+0x37ecce]
C  0x000002e60754b5a5

Java frames: (J=compiled Java code, j=interpreted, Vv=VM code)
j  java.util.Spliterators.<clinit>()V+0 java.base@17.0.6
v  ~StubRoutines::call_stub
j  java.util.stream.Stream.empty()Ljava/util/stream/Stream;+0 java.base@17.0.6
j  java.util.Optional.stream()Ljava/util/stream/Stream;+7 java.base@17.0.6
j  java.lang.module.ModuleFinder$2$$Lambda$2+0x0000000100038640.apply(Ljava/lang/Object;)Ljava/lang/Object;+4 java.base@17.0.6
j  java.util.stream.ReferencePipeline$7$1.accept(Ljava/lang/Object;)V+8 java.base@17.0.6
j  java.util.stream.ReferencePipeline$3$1.accept(Ljava/lang/Object;)V+17 java.base@17.0.6
j  java.util.AbstractList$RandomAccessSpliterator.tryAdvance(Ljava/util/function/Consumer;)Z+43 java.base@17.0.6
j  java.util.stream.ReferencePipeline.forEachWithCancel(Ljava/util/Spliterator;Ljava/util/stream/Sink;)Z+13 java.base@17.0.6
j  java.util.stream.AbstractPipeline.copyIntoWithCancel(Ljava/util/stream/Sink;Ljava/util/Spliterator;)Z+32 java.base@17.0.6
j  java.util.stream.AbstractPipeline.copyInto(Ljava/util/stream/Sink;Ljava/util/Spliterator;)V+49 java.base@17.0.6
j  java.util.stream.AbstractPipeline.wrapAndCopyInto(Ljava/util/stream/Sink;Ljava/util/Spliterator;)Ljava/util/stream/Sink;+13 java.base@17.0.6
j  java.util.stream.FindOps$FindOp.evaluateSequential(Ljava/util/stream/PipelineHelper;Ljava/util/Spliterator;)Ljava/lang/Object;+14 java.base@17.0.6
j  java.util.stream.AbstractPipeline.evaluate(Ljava/util/stream/TerminalOp;)Ljava/lang/Object;+88 java.base@17.0.6
j  java.util.stream.ReferencePipeline.findFirst()Ljava/util/Optional;+5 java.base@17.0.6
j  java.lang.module.ModuleFinder$2.find(Ljava/lang/String;)Ljava/util/Optional;+53 java.base@17.0.6
j  java.lang.module.Resolver.findWithBeforeFinder(Ljava/lang/String;)Ljava/lang/module/ModuleReference;+5 java.base@17.0.6
j  java.lang.module.Resolver.resolve(Ljava/util/Collection;)Ljava/lang/module/Resolver;+38 java.base@17.0.6
j  java.lang.module.Configuration.resolveAndBind(Ljava/lang/module/ModuleFinder;Ljava/util/Collection;Ljava/io/PrintStream;)Ljava/lang/module/Configuration;+29 java.base@17.0.6
j  java.lang.module.ModuleDescriptor$1.resolveAndBind(Ljava/lang/module/ModuleFinder;Ljava/util/Collection;Ljava/io/PrintStream;)Ljava/lang/module/Configuration;+3 java.base@17.0.6
j  jdk.internal.module.Modules.newBootLayerConfiguration(Ljava/lang/module/ModuleFinder;Ljava/util/Collection;Ljava/io/PrintStream;)Ljava/lang/module/Configuration;+6 java.base@17.0.6
j  jdk.internal.module.ModuleBootstrap.boot2()Ljava/lang/ModuleLayer;+896 java.base@17.0.6
j  jdk.internal.module.ModuleBootstrap.boot()Ljava/lang/ModuleLayer;+64 java.base@17.0.6
j  java.lang.System.initPhase2(ZZ)I+0 java.base@17.0.6
v  ~StubRoutines::call_stub

---------------  P R O C E S S  ---------------

Threads class SMR info:
_java_thread_list=0x000002e67f981170, length=11, elements={
0x000002e676d8d7e0, 0x000002e67edd3010, 0x000002e67edd3ad0, 0x000002e67edbc170,
0x000002e67edbcd20, 0x000002e67edbf6e0, 0x000002e67edc0dd0, 0x000002e67f80ce50,
0x000002e67f80d750, 0x000002e67f828020, 0x000002e67f8b3680
}

Java Threads: ( => current thread )
=>0x000002e676d8d7e0 JavaThread "main" [_thread_in_vm, id=17528, stack(0x000000fcf1600000,0x000000fcf1700000)]
  0x000002e67edd3010 JavaThread "Reference Handler" daemon [_thread_blocked, id=6848, stack(0x000000fcf1d00000,0x000000fcf1e00000)]
  0x000002e67edd3ad0 JavaThread "Finalizer" daemon [_thread_blocked, id=24824, stack(0x000000fcf1e00000,0x000000fcf1f00000)]
  0x000002e67edbc170 JavaThread "Signal Dispatcher" daemon [_thread_blocked, id=28268, stack(0x000000fcf1f00000,0x000000fcf2000000)]
  0x000002e67edbcd20 JavaThread "Attach Listener" daemon [_thread_blocked, id=14848, stack(0x000000fcf2000000,0x000000fcf2100000)]
  0x000002e67edbf6e0 JavaThread "Service Thread" daemon [_thread_blocked, id=16936, stack(0x000000fcf2100000,0x000000fcf2200000)]
  0x000002e67edc0dd0 JavaThread "Monitor Deflation Thread" daemon [_thread_blocked, id=4940, stack(0x000000fcf2200000,0x000000fcf2300000)]
  0x000002e67f80ce50 JavaThread "C2 CompilerThread0" daemon [_thread_blocked, id=25072, stack(0x000000fcf2300000,0x000000fcf2400000)]
  0x000002e67f80d750 JavaThread "C1 CompilerThread0" daemon [_thread_blocked, id=21428, stack(0x000000fcf2400000,0x000000fcf2500000)]
  0x000002e67f828020 JavaThread "Sweeper thread" daemon [_thread_blocked, id=9856, stack(0x000000fcf2500000,0x000000fcf2600000)]
  0x000002e67f8b3680 JavaThread "Common-Cleaner" daemon [_thread_blocked, id=27836, stack(0x000000fcf2600000,0x000000fcf2700000)]

Other Threads:
  0x000002e67ed81d60 VMThread "VM Thread" [stack: 0x000000fcf1c00000,0x000000fcf1d00000] [id=8816]
  0x000002e676ddc8e0 GCTaskThread "GC Thread#0" [stack: 0x000000fcf1700000,0x000000fcf1800000] [id=12740]
  0x000002e676de9200 ConcurrentGCThread "G1 Main Marker" [stack: 0x000000fcf1800000,0x000000fcf1900000] [id=20132]
  0x000002e676dea250 ConcurrentGCThread "G1 Conc#0" [stack: 0x000000fcf1900000,0x000000fcf1a00000] [id=10144]
  0x000002e676e45180 ConcurrentGCThread "G1 Refine#0" [stack: 0x000000fcf1a00000,0x000000fcf1b00000] [id=27284]
  0x000002e676e45a40 ConcurrentGCThread "G1 Service" [stack: 0x000000fcf1b00000,0x000000fcf1c00000] [id=11296]

Threads with active compile tasks:

VM state: not at safepoint (normal execution)

VM Mutex/Monitor currently owned by a thread:  ([mutex/lock_event])
[0x000002e676d87e40] Metaspace_lock - owner thread: 0x000002e676d8d7e0

Heap address: 0x00000000a2600000, size: 1498 MB, Compressed Oops mode: 32-bit

CDS archive(s) not mapped
Compressed class space mapped at: 0x0000000100000000-0x0000000140000000, reserved size: 1073741824
Narrow klass base: 0x0000000000000000, Narrow klass shift: 3, Narrow klass range: 0x140000000

GC Precious Log:
 CPUs: 12 total, 12 available
 Memory: 5989M
 Large Page Support: Disabled
 NUMA Support: Disabled
 Compressed Oops: Enabled (32-bit)
 Heap Region Size: 1M
 Heap Min Capacity: 8M
 Heap Initial Capacity: 94M
 Heap Max Capacity: 1498M
 Pre-touch: Disabled
 Parallel Workers: 10
 Concurrent Workers: 3
 Concurrent Refinement Workers: 10
 Periodic GC: Disabled

Heap:
 garbage-first heap   total 96256K, used 1024K [0x00000000a2600000, 0x0000000100000000)
  region size 1024K, 2 young (2048K), 0 survivors (0K)
 Metaspace       used 4872K, committed 5056K, reserved 1056768K
  class space    used 384K, committed 448K, reserved 1048576K

Heap Regions: E=young(eden), S=young(survivor), O=old, HS=humongous(starts), HC=humongous(continues), CS=collection set, F=free, OA=open archive, CA=closed archive, TAMS=top-at-mark-start (previous, next)
|   0|0x00000000a2600000, 0x00000000a2600000, 0x00000000a2700000|  0%| F|  |TAMS 0x00000000a2600000, 0x00000000a2600000| Untracked 
|   1|0x00000000a2700000, 0x00000000a2700000, 0x00000000a2800000|  0%| F|  |TAMS 0x00000000a2700000, 0x00000000a2700000| Untracked 
|   2|0x00000000a2800000, 0x00000000a2800000, 0x00000000a2900000|  0%| F|  |TAMS 0x00000000a2800000, 0x00000000a2800000| Untracked 
|   3|0x00000000a2900000, 0x00000000a2900000, 0x00000000a2a00000|  0%| F|  |TAMS 0x00000000a2900000, 0x00000000a2900000| Untracked 
|   4|0x00000000a2a00000, 0x00000000a2a00000, 0x00000000a2b00000|  0%| F|  |TAMS 0x00000000a2a00000, 0x00000000a2a00000| Untracked 
|   5|0x00000000a2b00000, 0x00000000a2b00000, 0x00000000a2c00000|  0%| F|  |TAMS 0x00000000a2b00000, 0x00000000a2b00000| Untracked 
|   6|0x00000000a2c00000, 0x00000000a2c00000, 0x00000000a2d00000|  0%| F|  |TAMS 0x00000000a2c00000, 0x00000000a2c00000| Untracked 
|   7|0x00000000a2d00000, 0x00000000a2d00000, 0x00000000a2e00000|  0%| F|  |TAMS 0x00000000a2d00000, 0x00000000a2d00000| Untracked 
|   8|0x00000000a2e00000, 0x00000000a2e00000, 0x00000000a2f00000|  0%| F|  |TAMS 0x00000000a2e00000, 0x00000000a2e00000| Untracked 
|   9|0x00000000a2f00000, 0x00000000a2f00000, 0x00000000a3000000|  0%| F|  |TAMS 0x00000000a2f00000, 0x00000000a2f00000| Untracked 
|  10|0x00000000a3000000, 0x00000000a3000000, 0x00000000a3100000|  0%| F|  |TAMS 0x00000000a3000000, 0x00000000a3000000| Untracked 
|  11|0x00000000a3100000, 0x00000000a3100000, 0x00000000a3200000|  0%| F|  |TAMS 0x00000000a3100000, 0x00000000a3100000| Untracked 
|  12|0x00000000a3200000, 0x00000000a3200000, 0x00000000a3300000|  0%| F|  |TAMS 0x00000000a3200000, 0x00000000a3200000| Untracked 
|  13|0x00000000a3300000, 0x00000000a3300000, 0x00000000a3400000|  0%| F|  |TAMS 0x00000000a3300000, 0x00000000a3300000| Untracked 
|  14|0x00000000a3400000, 0x00000000a3400000, 0x00000000a3500000|  0%| F|  |TAMS 0x00000000a3400000, 0x00000000a3400000| Untracked 
|  15|0x00000000a3500000, 0x00000000a3500000, 0x00000000a3600000|  0%| F|  |TAMS 0x00000000a3500000, 0x00000000a3500000| Untracked 
|  16|0x00000000a3600000, 0x00000000a3600000, 0x00000000a3700000|  0%| F|  |TAMS 0x00000000a3600000, 0x00000000a3600000| Untracked 
|  17|0x00000000a3700000, 0x00000000a3700000, 0x00000000a3800000|  0%| F|  |TAMS 0x00000000a3700000, 0x00000000a3700000| Untracked 
|  18|0x00000000a3800000, 0x00000000a3800000, 0x00000000a3900000|  0%| F|  |TAMS 0x00000000a3800000, 0x00000000a3800000| Untracked 
|  19|0x00000000a3900000, 0x00000000a3900000, 0x00000000a3a00000|  0%| F|  |TAMS 0x00000000a3900000, 0x00000000a3900000| Untracked 
|  20|0x00000000a3a00000, 0x00000000a3a00000, 0x00000000a3b00000|  0%| F|  |TAMS 0x00000000a3a00000, 0x00000000a3a00000| Untracked 
|  21|0x00000000a3b00000, 0x00000000a3b00000, 0x00000000a3c00000|  0%| F|  |TAMS 0x00000000a3b00000, 0x00000000a3b00000| Untracked 
|  22|0x00000000a3c00000, 0x00000000a3c00000, 0x00000000a3d00000|  0%| F|  |TAMS 0x00000000a3c00000, 0x00000000a3c00000| Untracked 
|  23|0x00000000a3d00000, 0x00000000a3d00000, 0x00000000a3e00000|  0%| F|  |TAMS 0x00000000a3d00000, 0x00000000a3d00000| Untracked 
|  24|0x00000000a3e00000, 0x00000000a3e00000, 0x00000000a3f00000|  0%| F|  |TAMS 0x00000000a3e00000, 0x00000000a3e00000| Untracked 
|  25|0x00000000a3f00000, 0x00000000a3f00000, 0x00000000a4000000|  0%| F|  |TAMS 0x00000000a3f00000, 0x00000000a3f00000| Untracked 
|  26|0x00000000a4000000, 0x00000000a4000000, 0x00000000a4100000|  0%| F|  |TAMS 0x00000000a4000000, 0x00000000a4000000| Untracked 
|  27|0x00000000a4100000, 0x00000000a4100000, 0x00000000a4200000|  0%| F|  |TAMS 0x00000000a4100000, 0x00000000a4100000| Untracked 
|  28|0x00000000a4200000, 0x00000000a4200000, 0x00000000a4300000|  0%| F|  |TAMS 0x00000000a4200000, 0x00000000a4200000| Untracked 
|  29|0x00000000a4300000, 0x00000000a4300000, 0x00000000a4400000|  0%| F|  |TAMS 0x00000000a4300000, 0x00000000a4300000| Untracked 
|  30|0x00000000a4400000, 0x00000000a4400000, 0x00000000a4500000|  0%| F|  |TAMS 0x00000000a4400000, 0x00000000a4400000| Untracked 
|  31|0x00000000a4500000, 0x00000000a4500000, 0x00000000a4600000|  0%| F|  |TAMS 0x00000000a4500000, 0x00000000a4500000| Untracked 
|  32|0x00000000a4600000, 0x00000000a4600000, 0x00000000a4700000|  0%| F|  |TAMS 0x00000000a4600000, 0x00000000a4600000| Untracked 
|  33|0x00000000a4700000, 0x00000000a4700000, 0x00000000a4800000|  0%| F|  |TAMS 0x00000000a4700000, 0x00000000a4700000| Untracked 
|  34|0x00000000a4800000, 0x00000000a4800000, 0x00000000a4900000|  0%| F|  |TAMS 0x00000000a4800000, 0x00000000a4800000| Untracked 
|  35|0x00000000a4900000, 0x00000000a4900000, 0x00000000a4a00000|  0%| F|  |TAMS 0x00000000a4900000, 0x00000000a4900000| Untracked 
|  36|0x00000000a4a00000, 0x00000000a4a00000, 0x00000000a4b00000|  0%| F|  |TAMS 0x00000000a4a00000, 0x00000000a4a00000| Untracked 
|  37|0x00000000a4b00000, 0x00000000a4b00000, 0x00000000a4c00000|  0%| F|  |TAMS 0x00000000a4b00000, 0x00000000a4b00000| Untracked 
|  38|0x00000000a4c00000, 0x00000000a4c00000, 0x00000000a4d00000|  0%| F|  |TAMS 0x00000000a4c00000, 0x00000000a4c00000| Untracked 
|  39|0x00000000a4d00000, 0x00000000a4d00000, 0x00000000a4e00000|  0%| F|  |TAMS 0x00000000a4d00000, 0x00000000a4d00000| Untracked 
|  40|0x00000000a4e00000, 0x00000000a4e00000, 0x00000000a4f00000|  0%| F|  |TAMS 0x00000000a4e00000, 0x00000000a4e00000| Untracked 
|  41|0x00000000a4f00000, 0x00000000a4f00000, 0x00000000a5000000|  0%| F|  |TAMS 0x00000000a4f00000, 0x00000000a4f00000| Untracked 
|  42|0x00000000a5000000, 0x00000000a5000000, 0x00000000a5100000|  0%| F|  |TAMS 0x00000000a5000000, 0x00000000a5000000| Untracked 
|  43|0x00000000a5100000, 0x00000000a5100000, 0x00000000a5200000|  0%| F|  |TAMS 0x00000000a5100000, 0x00000000a5100000| Untracked 
|  44|0x00000000a5200000, 0x00000000a5200000, 0x00000000a5300000|  0%| F|  |TAMS 0x00000000a5200000, 0x00000000a5200000| Untracked 
|  45|0x00000000a5300000, 0x00000000a5300000, 0x00000000a5400000|  0%| F|  |TAMS 0x00000000a5300000, 0x00000000a5300000| Untracked 
|  46|0x00000000a5400000, 0x00000000a5400000, 0x00000000a5500000|  0%| F|  |TAMS 0x00000000a5400000, 0x00000000a5400000| Untracked 
|  47|0x00000000a5500000, 0x00000000a5500000, 0x00000000a5600000|  0%| F|  |TAMS 0x00000000a5500000, 0x00000000a5500000| Untracked 
|  48|0x00000000a5600000, 0x00000000a5600000, 0x00000000a5700000|  0%| F|  |TAMS 0x00000000a5600000, 0x00000000a5600000| Untracked 
|  49|0x00000000a5700000, 0x00000000a5700000, 0x00000000a5800000|  0%| F|  |TAMS 0x00000000a5700000, 0x00000000a5700000| Untracked 
|  50|0x00000000a5800000, 0x00000000a5800000, 0x00000000a5900000|  0%| F|  |TAMS 0x00000000a5800000, 0x00000000a5800000| Untracked 
|  51|0x00000000a5900000, 0x00000000a5900000, 0x00000000a5a00000|  0%| F|  |TAMS 0x00000000a5900000, 0x00000000a5900000| Untracked 
|  52|0x00000000a5a00000, 0x00000000a5a00000, 0x00000000a5b00000|  0%| F|  |TAMS 0x00000000a5a00000, 0x00000000a5a00000| Untracked 
|  53|0x00000000a5b00000, 0x00000000a5b00000, 0x00000000a5c00000|  0%| F|  |TAMS 0x00000000a5b00000, 0x00000000a5b00000| Untracked 
|  54|0x00000000a5c00000, 0x00000000a5c00000, 0x00000000a5d00000|  0%| F|  |TAMS 0x00000000a5c00000, 0x00000000a5c00000| Untracked 
|  55|0x00000000a5d00000, 0x00000000a5d00000, 0x00000000a5e00000|  0%| F|  |TAMS 0x00000000a5d00000, 0x00000000a5d00000| Untracked 
|  56|0x00000000a5e00000, 0x00000000a5e00000, 0x00000000a5f00000|  0%| F|  |TAMS 0x00000000a5e00000, 0x00000000a5e00000| Untracked 
|  57|0x00000000a5f00000, 0x00000000a5f00000, 0x00000000a6000000|  0%| F|  |TAMS 0x00000000a5f00000, 0x00000000a5f00000| Untracked 
|  58|0x00000000a6000000, 0x00000000a6000000, 0x00000000a6100000|  0%| F|  |TAMS 0x00000000a6000000, 0x00000000a6000000| Untracked 
|  59|0x00000000a6100000, 0x00000000a6100000, 0x00000000a6200000|  0%| F|  |TAMS 0x00000000a6100000, 0x00000000a6100000| Untracked 
|  60|0x00000000a6200000, 0x00000000a6200000, 0x00000000a6300000|  0%| F|  |TAMS 0x00000000a6200000, 0x00000000a6200000| Untracked 
|  61|0x00000000a6300000, 0x00000000a6300000, 0x00000000a6400000|  0%| F|  |TAMS 0x00000000a6300000, 0x00000000a6300000| Untracked 
|  62|0x00000000a6400000, 0x00000000a6400000, 0x00000000a6500000|  0%| F|  |TAMS 0x00000000a6400000, 0x00000000a6400000| Untracked 
|  63|0x00000000a6500000, 0x00000000a6500000, 0x00000000a6600000|  0%| F|  |TAMS 0x00000000a6500000, 0x00000000a6500000| Untracked 
|  64|0x00000000a6600000, 0x00000000a6600000, 0x00000000a6700000|  0%| F|  |TAMS 0x00000000a6600000, 0x00000000a6600000| Untracked 
|  65|0x00000000a6700000, 0x00000000a6700000, 0x00000000a6800000|  0%| F|  |TAMS 0x00000000a6700000, 0x00000000a6700000| Untracked 
|  66|0x00000000a6800000, 0x00000000a6800000, 0x00000000a6900000|  0%| F|  |TAMS 0x00000000a6800000, 0x00000000a6800000| Untracked 
|  67|0x00000000a6900000, 0x00000000a6900000, 0x00000000a6a00000|  0%| F|  |TAMS 0x00000000a6900000, 0x00000000a6900000| Untracked 
|  68|0x00000000a6a00000, 0x00000000a6a00000, 0x00000000a6b00000|  0%| F|  |TAMS 0x00000000a6a00000, 0x00000000a6a00000| Untracked 
|  69|0x00000000a6b00000, 0x00000000a6b00000, 0x00000000a6c00000|  0%| F|  |TAMS 0x00000000a6b00000, 0x00000000a6b00000| Untracked 
|  70|0x00000000a6c00000, 0x00000000a6c00000, 0x00000000a6d00000|  0%| F|  |TAMS 0x00000000a6c00000, 0x00000000a6c00000| Untracked 
|  71|0x00000000a6d00000, 0x00000000a6d00000, 0x00000000a6e00000|  0%| F|  |TAMS 0x00000000a6d00000, 0x00000000a6d00000| Untracked 
|  72|0x00000000a6e00000, 0x00000000a6e00000, 0x00000000a6f00000|  0%| F|  |TAMS 0x00000000a6e00000, 0x00000000a6e00000| Untracked 
|  73|0x00000000a6f00000, 0x00000000a6f00000, 0x00000000a7000000|  0%| F|  |TAMS 0x00000000a6f00000, 0x00000000a6f00000| Untracked 
|  74|0x00000000a7000000, 0x00000000a7000000, 0x00000000a7100000|  0%| F|  |TAMS 0x00000000a7000000, 0x00000000a7000000| Untracked 
|  75|0x00000000a7100000, 0x00000000a7100000, 0x00000000a7200000|  0%| F|  |TAMS 0x00000000a7100000, 0x00000000a7100000| Untracked 
|  76|0x00000000a7200000, 0x00000000a7200000, 0x00000000a7300000|  0%| F|  |TAMS 0x00000000a7200000, 0x00000000a7200000| Untracked 
|  77|0x00000000a7300000, 0x00000000a7300000, 0x00000000a7400000|  0%| F|  |TAMS 0x00000000a7300000, 0x00000000a7300000| Untracked 
|  78|0x00000000a7400000, 0x00000000a7400000, 0x00000000a7500000|  0%| F|  |TAMS 0x00000000a7400000, 0x00000000a7400000| Untracked 
|  79|0x00000000a7500000, 0x00000000a7500000, 0x00000000a7600000|  0%| F|  |TAMS 0x00000000a7500000, 0x00000000a7500000| Untracked 
|  80|0x00000000a7600000, 0x00000000a7600000, 0x00000000a7700000|  0%| F|  |TAMS 0x00000000a7600000, 0x00000000a7600000| Untracked 
|  81|0x00000000a7700000, 0x00000000a7700000, 0x00000000a7800000|  0%| F|  |TAMS 0x00000000a7700000, 0x00000000a7700000| Untracked 
|  82|0x00000000a7800000, 0x00000000a7800000, 0x00000000a7900000|  0%| F|  |TAMS 0x00000000a7800000, 0x00000000a7800000| Untracked 
|  83|0x00000000a7900000, 0x00000000a7900000, 0x00000000a7a00000|  0%| F|  |TAMS 0x00000000a7900000, 0x00000000a7900000| Untracked 
|  84|0x00000000a7a00000, 0x00000000a7a00000, 0x00000000a7b00000|  0%| F|  |TAMS 0x00000000a7a00000, 0x00000000a7a00000| Untracked 
|  85|0x00000000a7b00000, 0x00000000a7b00000, 0x00000000a7c00000|  0%| F|  |TAMS 0x00000000a7b00000, 0x00000000a7b00000| Untracked 
|  86|0x00000000a7c00000, 0x00000000a7c00000, 0x00000000a7d00000|  0%| F|  |TAMS 0x00000000a7c00000, 0x00000000a7c00000| Untracked 
|  87|0x00000000a7d00000, 0x00000000a7d00000, 0x00000000a7e00000|  0%| F|  |TAMS 0x00000000a7d00000, 0x00000000a7d00000| Untracked 
|  88|0x00000000a7e00000, 0x00000000a7e00000, 0x00000000a7f00000|  0%| F|  |TAMS 0x00000000a7e00000, 0x00000000a7e00000| Untracked 
|  89|0x00000000a7f00000, 0x00000000a7f00000, 0x00000000a8000000|  0%| F|  |TAMS 0x00000000a7f00000, 0x00000000a7f00000| Untracked 
|  90|0x00000000a8000000, 0x00000000a8000000, 0x00000000a8100000|  0%| F|  |TAMS 0x00000000a8000000, 0x00000000a8000000| Untracked 
|  91|0x00000000a8100000, 0x00000000a8100000, 0x00000000a8200000|  0%| F|  |TAMS 0x00000000a8100000, 0x00000000a8100000| Untracked 
|  92|0x00000000a8200000, 0x00000000a8276450, 0x00000000a8300000| 46%| E|  |TAMS 0x00000000a8200000, 0x00000000a8200000| Complete 
|  93|0x00000000a8300000, 0x00000000a8400000, 0x00000000a8400000|100%| E|CS|TAMS 0x00000000a8300000, 0x00000000a8300000| Complete 

Card table byte_map: [0x000002e67ac80000,0x000002e67af70000] _byte_map_base: 0x000002e67a76d000

Marking Bits (Prev, Next): (CMBitMap*) 0x000002e676ddcd90, (CMBitMap*) 0x000002e676ddcdd0
 Prev Bits: [0x000002e67b260000, 0x000002e67c9c8000)
 Next Bits: [0x000002e67c9d0000, 0x000002e67e138000)

Polling page: 0x000002e674ce0000

Metaspace:

Usage:
  Non-class:      4.38 MB used.
      Class:    384.16 KB used.
       Both:      4.76 MB used.

Virtual space:
  Non-class space:        8.00 MB reserved,       4.50 MB ( 56%) committed,  1 nodes.
      Class space:        1.00 GB reserved,     448.00 KB ( <1%) committed,  1 nodes.
             Both:        1.01 GB reserved,       4.94 MB ( <1%) committed. 

Chunk freelists:
   Non-Class:  3.00 MB
       Class:  3.56 MB
        Both:  6.56 MB

MaxMetaspaceSize: unlimited
CompressedClassSpaceSize: 1.00 GB
Initial GC threshold: 21.00 MB
Current GC threshold: 21.00 MB
CDS: off
MetaspaceReclaimPolicy: balanced
 - commit_granule_bytes: 65536.
 - commit_granule_words: 8192.
 - virtual_space_node_default_size: 1048576.
 - enlarge_chunks_in_place: 1.
 - new_chunks_are_fully_committed: 0.
 - uncommit_free_chunks: 1.
 - use_allocation_guard: 0.
 - handle_deallocations: 1.


Internal statistics:

num_allocs_failed_limit: 0.
num_arena_births: 4.
num_arena_deaths: 0.
num_vsnodes_births: 2.
num_vsnodes_deaths: 0.
num_space_committed: 79.
num_space_uncommitted: 0.
num_chunks_returned_to_freelist: 0.
num_chunks_taken_from_freelist: 7.
num_chunk_merges: 0.
num_chunk_splits: 3.
num_chunks_enlarged: 1.
num_purges: 0.
num_inconsistent_stats: 0.

CodeHeap 'non-profiled nmethods': size=120000Kb used=19Kb max_used=19Kb free=119980Kb
 bounds [0x000002e607ad0000, 0x000002e607d40000, 0x000002e60f000000]
CodeHeap 'profiled nmethods': size=120000Kb used=64Kb max_used=64Kb free=119935Kb
 bounds [0x000002e600000000, 0x000002e600270000, 0x000002e607530000]
CodeHeap 'non-nmethods': size=5760Kb used=1073Kb max_used=1073Kb free=4686Kb
 bounds [0x000002e607530000, 0x000002e6077a0000, 0x000002e607ad0000]
 total_blobs=403 nmethods=63 adapters=253
 compilation: enabled
              stopped_count=0, restarted_count=0
 full_count=0

Compilation events (20 events):
Event: 0.070 Thread 0x000002e67f80d750   46       1       java.lang.Class::getClassLoader0 (5 bytes)
Event: 0.070 Thread 0x000002e67f80d750 nmethod 46 0x000002e607ad3890 code [0x000002e607ad3a20, 0x000002e607ad3af8]
Event: 0.071 Thread 0x000002e67f80d750   51       1       java.lang.invoke.MethodType::returnType (5 bytes)
Event: 0.071 Thread 0x000002e67f80d750 nmethod 51 0x000002e607ad3b90 code [0x000002e607ad3d20, 0x000002e607ad3df8]
Event: 0.074 Thread 0x000002e67f80d750   53       3       java.lang.StringLatin1::indexOfChar (33 bytes)
Event: 0.074 Thread 0x000002e67f80d750 nmethod 53 0x000002e60000d510 code [0x000002e60000d6c0, 0x000002e60000d8f8]
Event: 0.075 Thread 0x000002e67f80d750   55       3       java.lang.invoke.MemberName::testFlags (16 bytes)
Event: 0.075 Thread 0x000002e67f80d750 nmethod 55 0x000002e60000da10 code [0x000002e60000dba0, 0x000002e60000dd18]
Event: 0.075 Thread 0x000002e67f80d750   56       3       java.lang.invoke.MethodTypeForm::canonicalize (74 bytes)
Event: 0.075 Thread 0x000002e67f80d750 nmethod 56 0x000002e60000dd90 code [0x000002e60000dfc0, 0x000002e60000e6b8]
Event: 0.075 Thread 0x000002e67f80d750   58   !   3       java.lang.ref.ReferenceQueue::poll (28 bytes)
Event: 0.075 Thread 0x000002e67f80d750 nmethod 58 0x000002e60000e910 code [0x000002e60000eac0, 0x000002e60000ed48]
Event: 0.075 Thread 0x000002e67f80d750   60       3       java.lang.invoke.MethodType::hashCode (53 bytes)
Event: 0.076 Thread 0x000002e67f80d750 nmethod 60 0x000002e60000ee90 code [0x000002e60000f040, 0x000002e60000f3b8]
Event: 0.076 Thread 0x000002e67f80d750   61       3       java.lang.invoke.MethodType$ConcurrentWeakInternSet::expungeStaleElements (27 bytes)
Event: 0.076 Thread 0x000002e67f80d750 nmethod 61 0x000002e60000f590 code [0x000002e60000f780, 0x000002e60000fc78]
Event: 0.076 Thread 0x000002e67f80d750   63       3       java.lang.String::<init> (15 bytes)
Event: 0.076 Thread 0x000002e67f80d750 nmethod 63 0x000002e60000fe90 code [0x000002e600010020, 0x000002e6000101d8]
Event: 0.076 Thread 0x000002e67f80d750   62       1       java.lang.invoke.MemberName::getDeclaringClass (5 bytes)
Event: 0.076 Thread 0x000002e67f80d750 nmethod 62 0x000002e607ad4a90 code [0x000002e607ad4c20, 0x000002e607ad4cf8]

GC Heap History (0 events):
No events

Dll operation events (1 events):
Event: 0.005 Loaded shared library C:\Users\gurmi\OneDrive\Desktop\eclipse\plugins\org.eclipse.justj.openjdk.hotspot.jre.full.win32.x86_64_17.0.6.v20230204-1729\jre\bin\java.dll

Deoptimization events (0 events):
No events

Classes unloaded (0 events):
No events

Classes redefined (0 events):
No events

Internal exceptions (0 events):
No events

VM Operations (0 events):
No events

Events (20 events):
Event: 0.075 loading class java/util/stream/Sink done
Event: 0.075 loading class java/util/stream/TerminalSink done
Event: 0.075 loading class java/util/stream/FindOps$FindSink done
Event: 0.075 loading class java/util/stream/FindOps$FindSink$OfRef done
Event: 0.075 loading class java/util/stream/FindOps$FindOp
Event: 0.075 loading class java/util/stream/TerminalOp
Event: 0.075 loading class java/util/stream/TerminalOp done
Event: 0.075 loading class java/util/stream/FindOps$FindOp done
Event: 0.075 loading class java/util/function/Predicate
Event: 0.075 loading class java/util/function/Predicate done
Event: 0.076 loading class java/util/stream/ReferencePipeline$7$1
Event: 0.076 loading class java/util/stream/Sink$ChainedReference
Event: 0.076 loading class java/util/stream/Sink$ChainedReference done
Event: 0.076 loading class java/util/stream/ReferencePipeline$7$1 done
Event: 0.076 loading class java/util/stream/ReferencePipeline$3$1
Event: 0.076 loading class java/util/stream/ReferencePipeline$3$1 done
Event: 0.076 loading class java/util/Spliterators
Event: 0.076 loading class java/util/Spliterators done
Event: 0.076 loading class java/util/Spliterators$EmptySpliterator$OfRef
Event: 0.076 loading class java/util/Spliterators$EmptySpliterator


Dynamic libraries:
0x00007ff75f930000 - 0x00007ff75f93e000 	C:\Users\gurmi\OneDrive\Desktop\eclipse\plugins\org.eclipse.justj.openjdk.hotspot.jre.full.win32.x86_64_17.0.6.v20230204-1729\jre\bin\javaw.exe
0x00007ffed5270000 - 0x00007ffed5487000 	C:\Windows\SYSTEM32\ntdll.dll
0x00007ffed2fc0000 - 0x00007ffed3084000 	C:\Windows\System32\KERNEL32.DLL
0x00007ffed2a20000 - 0x00007ffed2dc6000 	C:\Windows\System32\KERNELBASE.dll
0x00007ffed2670000 - 0x00007ffed2781000 	C:\Windows\System32\ucrtbase.dll
0x00007ffec1ac0000 - 0x00007ffec1ad7000 	C:\Users\gurmi\OneDrive\Desktop\eclipse\plugins\org.eclipse.justj.openjdk.hotspot.jre.full.win32.x86_64_17.0.6.v20230204-1729\jre\bin\jli.dll
0x00007ffead5a0000 - 0x00007ffead5b9000 	C:\Users\gurmi\OneDrive\Desktop\eclipse\plugins\org.eclipse.justj.openjdk.hotspot.jre.full.win32.x86_64_17.0.6.v20230204-1729\jre\bin\VCRUNTIME140.dll
0x00007ffed3610000 - 0x00007ffed37be000 	C:\Windows\System32\USER32.dll
0x00007ffed2ef0000 - 0x00007ffed2f16000 	C:\Windows\System32\win32u.dll
0x00007ffed5140000 - 0x00007ffed5169000 	C:\Windows\System32\GDI32.dll
0x00007ffeb1bf0000 - 0x00007ffeb1e83000 	C:\Windows\WinSxS\amd64_microsoft.windows.common-controls_6595b64144ccf1df_6.0.22621.2506_none_270c5ae97388e100\COMCTL32.dll
0x00007ffed2dd0000 - 0x00007ffed2ee8000 	C:\Windows\System32\gdi32full.dll
0x00007ffed4d80000 - 0x00007ffed4e27000 	C:\Windows\System32\msvcrt.dll
0x00007ffed2810000 - 0x00007ffed28aa000 	C:\Windows\System32\msvcp_win.dll
0x00007ffed4e30000 - 0x00007ffed4e61000 	C:\Windows\System32\IMM32.DLL
0x00007ffec1ab0000 - 0x00007ffec1abc000 	C:\Users\gurmi\OneDrive\Desktop\eclipse\plugins\org.eclipse.justj.openjdk.hotspot.jre.full.win32.x86_64_17.0.6.v20230204-1729\jre\bin\vcruntime140_1.dll
0x00007ffe892a0000 - 0x00007ffe89331000 	C:\Users\gurmi\OneDrive\Desktop\eclipse\plugins\org.eclipse.justj.openjdk.hotspot.jre.full.win32.x86_64_17.0.6.v20230204-1729\jre\bin\msvcp140.dll
0x00007ffe557b0000 - 0x00007ffe563f7000 	C:\Users\gurmi\OneDrive\Desktop\eclipse\plugins\org.eclipse.justj.openjdk.hotspot.jre.full.win32.x86_64_17.0.6.v20230204-1729\jre\bin\server\jvm.dll
0x00007ffed5080000 - 0x00007ffed5133000 	C:\Windows\System32\ADVAPI32.dll
0x00007ffed37d0000 - 0x00007ffed3878000 	C:\Windows\System32\sechost.dll
0x00007ffed2f90000 - 0x00007ffed2fb8000 	C:\Windows\System32\bcrypt.dll
0x00007ffed49e0000 - 0x00007ffed4af7000 	C:\Windows\System32\RPCRT4.dll
0x00007ffecfe50000 - 0x00007ffecfe84000 	C:\Windows\SYSTEM32\WINMM.dll
0x00007ffec0ad0000 - 0x00007ffec0ad9000 	C:\Windows\SYSTEM32\WSOCK32.dll
0x00007ffed47c0000 - 0x00007ffed4831000 	C:\Windows\System32\WS2_32.dll
0x00007ffec9c30000 - 0x00007ffec9c3a000 	C:\Windows\SYSTEM32\VERSION.dll
0x00007ffed1540000 - 0x00007ffed1558000 	C:\Windows\SYSTEM32\kernel.appcore.dll
0x00007ffecaf40000 - 0x00007ffecaf4a000 	C:\Users\gurmi\OneDrive\Desktop\eclipse\plugins\org.eclipse.justj.openjdk.hotspot.jre.full.win32.x86_64_17.0.6.v20230204-1729\jre\bin\jimage.dll
0x00007ffecfc10000 - 0x00007ffecfe43000 	C:\Windows\SYSTEM32\DBGHELP.DLL
0x00007ffed3180000 - 0x00007ffed3509000 	C:\Windows\System32\combase.dll
0x00007ffed4240000 - 0x00007ffed4317000 	C:\Windows\System32\OLEAUT32.dll
0x00007ffecfbb0000 - 0x00007ffecfbe2000 	C:\Windows\SYSTEM32\dbgcore.DLL
0x00007ffed2790000 - 0x00007ffed280a000 	C:\Windows\System32\bcryptPrimitives.dll
0x00007ffea3500000 - 0x00007ffea3525000 	C:\Users\gurmi\OneDrive\Desktop\eclipse\plugins\org.eclipse.justj.openjdk.hotspot.jre.full.win32.x86_64_17.0.6.v20230204-1729\jre\bin\java.dll
0x00007ffea19e0000 - 0x00007ffea19f8000 	C:\Users\gurmi\OneDrive\Desktop\eclipse\plugins\org.eclipse.justj.openjdk.hotspot.jre.full.win32.x86_64_17.0.6.v20230204-1729\jre\bin\zip.dll
0x00007ffed3880000 - 0x00007ffed40da000 	C:\Windows\System32\SHELL32.dll
0x00007ffed0350000 - 0x00007ffed0c46000 	C:\Windows\SYSTEM32\windows.storage.dll
0x00007ffed0c70000 - 0x00007ffed0dae000 	C:\Windows\SYSTEM32\wintypes.dll
0x00007ffed4c70000 - 0x00007ffed4d63000 	C:\Windows\System32\SHCORE.dll
0x00007ffed51d0000 - 0x00007ffed522e000 	C:\Windows\System32\shlwapi.dll
0x00007ffed24e0000 - 0x00007ffed2506000 	C:\Windows\SYSTEM32\profapi.dll

dbghelp: loaded successfully - version: 4.0.5 - missing functions: none
symbol engine: initialized successfully - sym options: 0x614 - pdb path: .;C:\Users\gurmi\OneDrive\Desktop\eclipse\plugins\org.eclipse.justj.openjdk.hotspot.jre.full.win32.x86_64_17.0.6.v20230204-1729\jre\bin;C:\Windows\SYSTEM32;C:\Windows\WinSxS\amd64_microsoft.windows.common-controls_6595b64144ccf1df_6.0.22621.2506_none_270c5ae97388e100;C:\Users\gurmi\OneDrive\Desktop\eclipse\plugins\org.eclipse.justj.openjdk.hotspot.jre.full.win32.x86_64_17.0.6.v20230204-1729\jre\bin\server

VM Arguments:
jvm_args: -Dfile.encoding=UTF-8 --module-path=C:\Users\gurmi\eclipse-workspace\ChattingApplication\bin -XX:+ShowCodeDetailsInExceptionMessages -Djdk.module.main=ChattingApplication 
java_command: ChattingApplication/chatting.application.Server
java_class_path (initial): <not set>
Launcher Type: SUN_STANDARD

[Global flags]
     intx CICompilerCount                          = 4                                         {product} {ergonomic}
     uint ConcGCThreads                            = 3                                         {product} {ergonomic}
     uint G1ConcRefinementThreads                  = 10                                        {product} {ergonomic}
   size_t G1HeapRegionSize                         = 1048576                                   {product} {ergonomic}
    uintx GCDrainStackTargetSize                   = 64                                        {product} {ergonomic}
   size_t InitialHeapSize                          = 98566144                                  {product} {ergonomic}
   size_t MarkStackSize                            = 4194304                                   {product} {ergonomic}
   size_t MaxHeapSize                              = 1570766848                                {product} {ergonomic}
   size_t MaxNewSize                               = 941621248                                 {product} {ergonomic}
   size_t MinHeapDeltaBytes                        = 1048576                                   {product} {ergonomic}
   size_t MinHeapSize                              = 8388608                                   {product} {ergonomic}
    uintx NonNMethodCodeHeapSize                   = 5839372                                {pd product} {ergonomic}
    uintx NonProfiledCodeHeapSize                  = 122909434                              {pd product} {ergonomic}
    uintx ProfiledCodeHeapSize                     = 122909434                              {pd product} {ergonomic}
    uintx ReservedCodeCacheSize                    = 251658240                              {pd product} {ergonomic}
     bool SegmentedCodeCache                       = true                                      {product} {ergonomic}
     bool ShowCodeDetailsInExceptionMessages       = true                                   {manageable} {command line}
   size_t SoftMaxHeapSize                          = 1570766848                             {manageable} {ergonomic}
     bool UseCompressedClassPointers               = true                           {product lp64_product} {ergonomic}
     bool UseCompressedOops                        = true                           {product lp64_product} {ergonomic}
     bool UseG1GC                                  = true                                      {product} {ergonomic}
     bool UseLargePagesIndividualAllocation        = false                                  {pd product} {ergonomic}

Logging:
Log output configuration:
 #0: stdout all=warning uptime,level,tags
 #1: stderr all=off uptime,level,tags

Environment Variables:
JAVA_HOME=C:\AmazonCorretto\jdk17.0.7_7
PATH=C:/Users/gurmi/OneDrive/Desktop/eclipse//plugins/org.eclipse.justj.openjdk.hotspot.jre.full.win32.x86_64_17.0.6.v20230204-1729/jre/bin/server;C:/Users/gurmi/OneDrive/Desktop/eclipse//plugins/org.eclipse.justj.openjdk.hotspot.jre.full.win32.x86_64_17.0.6.v20230204-1729/jre/bin;C:\oracle19cinstall\bin;C:\Program Files (x86)\VMware\VMware Workstation\bin\;C:\AmazonCorretto\jdk17.0.7_7\bin;C:\Program Files\Common Files\Oracle\Java\javapath;C:\Windows\system32;C:\Windows;C:\Windows\System32\Wbem;C:\Windows\System32\WindowsPowerShell\v1.0\;C:\Windows\System32\OpenSSH\;C:\Program Files\Git\cmd;C:\Program Files (x86)\Microsoft SQL Server\160\Tools\Binn\;C:\Program Files\Microsoft SQL Server\160\Tools\Binn\;C:\Program Files\Microsoft SQL Server\Client SDK\ODBC\170\Tools\Binn\;C:\Program Files\Microsoft SQL Server\160\DTS\Binn\;C:\Program Files (x86)\Microsoft SQL Server\160\DTS\Binn\;C:\Program Files\Azure Data Studio\bin;C:\oracle\instantclient_21_12;C:\Users\gurmi\AppData\Local\Microsoft\WindowsApps;C:\Users\gurmi\AppData\Local\Programs\Microsoft VS Code\bin;C:\Program Files\Azure Data Studio\bin;;C:\Users\gurmi\OneDrive\Desktop\eclipse;
USERNAME=gurmi
OS=Windows_NT
PROCESSOR_IDENTIFIER=AMD64 Family 25 Model 80 Stepping 0, AuthenticAMD
TMP=C:\Users\gurmi\AppData\Local\Temp
TEMP=C:\Users\gurmi\AppData\Local\Temp



---------------  S Y S T E M  ---------------

OS:
 Windows 11 , 64 bit Build 22621 (10.0.22621.2506)
OS uptime: 0 days 18:58 hours
Hyper-V role detected

CPU: total 12 (initial active 12) (12 cores per cpu, 2 threads per core) family 25 model 80 stepping 0 microcode 0x0, cx8, cmov, fxsr, ht, mmx, 3dnowpref, sse, sse2, sse3, ssse3, sse4a, sse4.1, sse4.2, popcnt, lzcnt, tsc, tscinvbit, avx, avx2, aes, erms, clmul, bmi1, bmi2, adx, sha, fma, vzeroupper, clflush, clflushopt, hv

Memory: 4k page, system-wide physical 5989M (440M free)
TotalPageFile size 24421M (AvailPageFile size 3M)
current process WorkingSet (physical memory assigned to process): 30M, peak: 30M
current process commit charge ("private bytes"): 171M, peak: 171M

vm_info: OpenJDK 64-Bit Server VM (17.0.6+10) for windows-amd64 JRE (17.0.6+10), built on Jan 18 2023 10:08:59 by "temurin" with MS VC++ 16.7 (VS2019)

END.
